Optimize a model with 159 rows, 5900 columns and 11800 nonzeros
Coefficient statistics:
  Matrix range    [1e+00, 1e+00]
  Objective range [1e+00, 1e+02]
  Bounds range    [0e+00, 0e+00]
  RHS range       [2e+00, 2e+03]
Presolve time: 0.01s
Presolved: 159 rows, 5900 columns, 11800 nonzeros

Iteration    Objective       Primal Inf.    Dual Inf.      Time
       0    1.1039000e+04   2.630000e+03   0.000000e+00      0s
     366    6.2516000e+04   0.000000e+00   0.000000e+00      0s

Solved in 366 iterations and 0.03 seconds
Optimal objective  6.251600000e+04
t100 r59 0
t100 r58 0
t100 r57 0
t100 r56 0
t100 r55 0
t100 r54 0
t100 r53 0
t100 r52 0
t100 r51 0
t100 r50 0
t100 r49 17
t100 r48 0
t100 r47 0
t100 r46 0
t100 r45 0
t100 r44 0
t100 r43 0
t100 r42 0
t100 r41 0
t100 r40 0
t100 r39 0
t100 r38 0
t100 r37 0
t100 r36 0
t100 r35 0
t100 r34 0
t100 r33 0
t100 r32 0
t100 r31 0
t100 r30 0
t100 r29 0
t100 r28 0
t100 r27 0
t100 r26 0
t100 r25 0
t100 r24 0
t100 r23 0
t100 r22 0
t100 r21 0
t100 r20 0
t100 r19 0
t100 r18 0
t100 r17 0
t100 r16 0
t100 r15 0
t100 r14 0
t100 r13 0
t100 r12 0
t100 r11 0
t100 r10 0
t100 r9 0
t100 r8 0
t100 r7 0
t100 r6 0
t100 r5 0
t100 r4 0
t100 r3 0
t100 r2 0
t100 r1 0
t99 r59 0
t99 r58 0
t99 r57 0
t99 r56 0
t99 r55 0
t99 r54 0
t99 r53 0
t99 r52 0
t99 r51 0
t99 r50 0
t99 r49 0
t99 r48 0
t99 r47 0
t99 r46 0
t99 r45 0
t99 r44 0
t99 r43 0
t99 r42 0
t99 r41 0
t99 r40 0
t99 r39 0
t99 r38 0
t99 r37 0
t99 r36 20
t99 r35 0
t99 r34 0
t99 r33 0
t99 r32 0
t99 r31 0
t99 r30 0
t99 r29 0
t99 r28 0
t99 r27 0
t99 r26 0
t99 r25 0
t99 r24 0
t99 r23 0
t99 r22 0
t99 r21 0
t99 r20 0
t99 r19 0
t99 r18 0
t99 r17 0
t99 r16 0
t99 r15 0
t99 r14 0
t99 r13 0
t99 r12 0
t99 r11 0
t99 r10 0
t99 r9 0
t99 r8 0
t99 r7 0
t99 r6 0
t99 r5 0
t99 r4 0
t99 r3 0
t99 r2 0
t99 r1 0
t98 r59 37
t98 r58 0
t98 r57 0
t98 r56 0
t98 r55 0
t98 r54 0
t98 r53 0
t98 r52 0
t98 r51 0
t98 r50 0
t98 r49 0
t98 r48 0
t98 r47 0
t98 r46 0
t98 r45 0
t98 r44 0
t98 r43 0
t98 r42 0
t98 r41 0
t98 r40 0
t98 r39 0
t98 r38 0
t98 r37 0
t98 r36 0
t98 r35 0
t98 r34 0
t98 r33 0
t98 r32 0
t98 r31 0
t98 r30 0
t98 r29 0
t98 r28 0
t98 r27 0
t98 r26 0
t98 r25 0
t98 r24 0
t98 r23 0
t98 r22 0
t98 r21 0
t98 r20 0
t98 r19 0
t98 r18 0
t98 r17 0
t98 r16 0
t98 r15 0
t98 r14 0
t98 r13 0
t98 r12 0
t98 r11 0
t98 r10 0
t98 r9 0
t98 r8 0
t98 r7 0
t98 r6 0
t98 r5 0
t98 r4 0
t98 r3 0
t98 r2 0
t98 r1 0
t97 r59 0
t97 r58 0
t97 r57 0
t97 r56 0
t97 r55 0
t97 r54 0
t97 r53 0
t97 r52 0
t97 r51 0
t97 r50 0
t97 r49 0
t97 r48 0
t97 r47 0
t97 r46 0
t97 r45 0
t97 r44 0
t97 r43 0
t97 r42 0
t97 r41 0
t97 r40 0
t97 r39 0
t97 r38 41
t97 r37 0
t97 r36 0
t97 r35 0
t97 r34 0
t97 r33 0
t97 r32 0
t97 r31 0
t97 r30 0
t97 r29 0
t97 r28 0
t97 r27 0
t97 r26 0
t97 r25 0
t97 r24 0
t97 r23 0
t97 r22 0
t97 r21 0
t97 r20 0
t97 r19 0
t97 r18 0
t97 r17 0
t97 r16 0
t97 r15 0
t97 r14 0
t97 r13 0
t97 r12 0
t97 r11 0
t97 r10 0
t97 r9 0
t97 r8 0
t97 r7 0
t97 r6 0
t97 r5 0
t97 r4 0
t97 r3 0
t97 r2 0
t97 r1 0
t96 r59 54
t96 r58 0
t96 r57 0
t96 r56 0
t96 r55 0
t96 r54 0
t96 r53 0
t96 r52 0
t96 r51 0
t96 r50 0
t96 r49 0
t96 r48 0
t96 r47 0
t96 r46 0
t96 r45 0
t96 r44 0
t96 r43 0
t96 r42 0
t96 r41 0
t96 r40 0
t96 r39 0
t96 r38 0
t96 r37 0
t96 r36 0
t96 r35 0
t96 r34 0
t96 r33 0
t96 r32 0
t96 r31 0
t96 r30 0
t96 r29 0
t96 r28 0
t96 r27 0
t96 r26 0
t96 r25 0
t96 r24 0
t96 r23 0
t96 r22 0
t96 r21 0
t96 r20 0
t96 r19 0
t96 r18 0
t96 r17 0
t96 r16 0
t96 r15 0
t96 r14 0
t96 r13 0
t96 r12 0
t96 r11 0
t96 r10 0
t96 r9 0
t96 r8 0
t96 r7 0
t96 r6 0
t96 r5 0
t96 r4 0
t96 r3 0
t96 r2 0
t96 r1 0
t95 r59 0
t95 r58 0
t95 r57 0
t95 r56 0
t95 r55 0
t95 r54 0
t95 r53 0
t95 r52 0
t95 r51 0
t95 r50 0
t95 r49 0
t95 r48 0
t95 r47 0
t95 r46 0
t95 r45 0
t95 r44 0
t95 r43 0
t95 r42 0
t95 r41 0
t95 r40 0
t95 r39 0
t95 r38 0
t95 r37 0
t95 r36 0
t95 r35 0
t95 r34 0
t95 r33 0
t95 r32 0
t95 r31 0
t95 r30 0
t95 r29 0
t95 r28 0
t95 r27 0
t95 r26 0
t95 r25 0
t95 r24 0
t95 r23 0
t95 r22 0
t95 r21 0
t95 r20 0
t95 r19 18
t95 r18 0
t95 r17 0
t95 r16 0
t95 r15 0
t95 r14 0
t95 r13 0
t95 r12 0
t95 r11 0
t95 r10 0
t95 r9 0
t95 r8 0
t95 r7 0
t95 r6 0
t95 r5 0
t95 r4 0
t95 r3 0
t95 r2 0
t95 r1 0
t94 r59 0
t94 r58 0
t94 r57 0
t94 r56 0
t94 r55 0
t94 r54 0
t94 r53 0
t94 r52 0
t94 r51 0
t94 r50 0
t94 r49 0
t94 r48 0
t94 r47 0
t94 r46 0
t94 r45 0
t94 r44 0
t94 r43 0
t94 r42 0
t94 r41 0
t94 r40 0
t94 r39 0
t94 r38 0
t94 r37 0
t94 r36 0
t94 r35 0
t94 r34 0
t94 r33 0
t94 r32 7
t94 r31 0
t94 r30 0
t94 r29 0
t94 r28 0
t94 r27 0
t94 r26 0
t94 r25 0
t94 r24 0
t94 r23 0
t94 r22 0
t94 r21 0
t94 r20 0
t94 r19 0
t94 r18 0
t94 r17 0
t94 r16 0
t94 r15 0
t94 r14 0
t94 r13 0
t94 r12 0
t94 r11 77
t94 r10 0
t94 r9 0
t94 r8 0
t94 r7 0
t94 r6 0
t94 r5 0
t94 r4 0
t94 r3 0
t94 r2 0
t94 r1 0
t93 r59 36
t93 r58 0
t93 r57 0
t93 r56 0
t93 r55 0
t93 r54 0
t93 r53 0
t93 r52 0
t93 r51 0
t93 r50 0
t93 r49 0
t93 r48 0
t93 r47 0
t93 r46 0
t93 r45 0
t93 r44 0
t93 r43 0
t93 r42 0
t93 r41 0
t93 r40 0
t93 r39 0
t93 r38 0
t93 r37 0
t93 r36 0
t93 r35 0
t93 r34 0
t93 r33 0
t93 r32 0
t93 r31 0
t93 r30 0
t93 r29 0
t93 r28 0
t93 r27 0
t93 r26 0
t93 r25 0
t93 r24 0
t93 r23 0
t93 r22 0
t93 r21 0
t93 r20 0
t93 r19 0
t93 r18 0
t93 r17 0
t93 r16 0
t93 r15 0
t93 r14 0
t93 r13 0
t93 r12 0
t93 r11 0
t93 r10 0
t93 r9 0
t93 r8 0
t93 r7 0
t93 r6 0
t93 r5 0
t93 r4 0
t93 r3 0
t93 r2 0
t93 r1 0
t92 r59 0
t92 r58 0
t92 r57 0
t92 r56 0
t92 r55 0
t92 r54 0
t92 r53 0
t92 r52 0
t92 r51 0
t92 r50 0
t92 r49 0
t92 r48 0
t92 r47 0
t92 r46 63
t92 r45 0
t92 r44 0
t92 r43 0
t92 r42 0
t92 r41 0
t92 r40 0
t92 r39 0
t92 r38 0
t92 r37 0
t92 r36 0
t92 r35 0
t92 r34 0
t92 r33 0
t92 r32 0
t92 r31 0
t92 r30 0
t92 r29 0
t92 r28 0
t92 r27 0
t92 r26 0
t92 r25 0
t92 r24 0
t92 r23 0
t92 r22 0
t92 r21 0
t92 r20 0
t92 r19 0
t92 r18 0
t92 r17 0
t92 r16 0
t92 r15 0
t92 r14 0
t92 r13 0
t92 r12 0
t92 r11 0
t92 r10 0
t92 r9 0
t92 r8 0
t92 r7 0
t92 r6 0
t92 r5 0
t92 r4 0
t92 r3 0
t92 r2 0
t92 r1 0
t91 r59 0
t91 r58 0
t91 r57 0
t91 r56 0
t91 r55 0
t91 r54 0
t91 r53 0
t91 r52 0
t91 r51 0
t91 r50 11
t91 r49 0
t91 r48 0
t91 r47 0
t91 r46 3
t91 r45 0
t91 r44 0
t91 r43 0
t91 r42 33
t91 r41 0
t91 r40 0
t91 r39 0
t91 r38 0
t91 r37 0
t91 r36 0
t91 r35 0
t91 r34 0
t91 r33 0
t91 r32 0
t91 r31 0
t91 r30 0
t91 r29 0
t91 r28 0
t91 r27 0
t91 r26 0
t91 r25 0
t91 r24 0
t91 r23 0
t91 r22 0
t91 r21 0
t91 r20 0
t91 r19 0
t91 r18 0
t91 r17 0
t91 r16 8
t91 r15 0
t91 r14 0
t91 r13 0
t91 r12 0
t91 r11 0
t91 r10 0
t91 r9 0
t91 r8 0
t91 r7 0
t91 r6 0
t91 r5 0
t91 r4 0
t91 r3 0
t91 r2 0
t91 r1 0
t90 r59 24
t90 r58 0
t90 r57 0
t90 r56 0
t90 r55 0
t90 r54 0
t90 r53 0
t90 r52 0
t90 r51 0
t90 r50 0
t90 r49 0
t90 r48 0
t90 r47 0
t90 r46 0
t90 r45 0
t90 r44 0
t90 r43 0
t90 r42 0
t90 r41 0
t90 r40 0
t90 r39 0
t90 r38 0
t90 r37 0
t90 r36 0
t90 r35 0
t90 r34 0
t90 r33 0
t90 r32 0
t90 r31 0
t90 r30 0
t90 r29 0
t90 r28 0
t90 r27 0
t90 r26 0
t90 r25 0
t90 r24 0
t90 r23 0
t90 r22 0
t90 r21 0
t90 r20 0
t90 r19 0
t90 r18 0
t90 r17 0
t90 r16 0
t90 r15 0
t90 r14 0
t90 r13 0
t90 r12 0
t90 r11 0
t90 r10 0
t90 r9 0
t90 r8 0
t90 r7 0
t90 r6 0
t90 r5 0
t90 r4 0
t90 r3 0
t90 r2 0
t90 r1 0
t89 r59 88
t89 r58 0
t89 r57 0
t89 r56 0
t89 r55 0
t89 r54 0
t89 r53 0
t89 r52 0
t89 r51 0
t89 r50 0
t89 r49 0
t89 r48 0
t89 r47 0
t89 r46 0
t89 r45 0
t89 r44 0
t89 r43 0
t89 r42 0
t89 r41 0
t89 r40 0
t89 r39 0
t89 r38 0
t89 r37 0
t89 r36 0
t89 r35 0
t89 r34 0
t89 r33 0
t89 r32 0
t89 r31 0
t89 r30 0
t89 r29 0
t89 r28 0
t89 r27 0
t89 r26 0
t89 r25 0
t89 r24 0
t89 r23 0
t89 r22 0
t89 r21 0
t89 r20 0
t89 r19 0
t89 r18 0
t89 r17 0
t89 r16 0
t89 r15 0
t89 r14 0
t89 r13 0
t89 r12 0
t89 r11 0
t89 r10 0
t89 r9 0
t89 r8 0
t89 r7 0
t89 r6 0
t89 r5 0
t89 r4 0
t89 r3 0
t89 r2 0
t89 r1 0
t88 r59 78
t88 r58 0
t88 r57 0
t88 r56 0
t88 r55 0
t88 r54 0
t88 r53 0
t88 r52 0
t88 r51 0
t88 r50 0
t88 r49 0
t88 r48 0
t88 r47 0
t88 r46 0
t88 r45 0
t88 r44 0
t88 r43 0
t88 r42 0
t88 r41 0
t88 r40 0
t88 r39 0
t88 r38 0
t88 r37 0
t88 r36 0
t88 r35 0
t88 r34 0
t88 r33 0
t88 r32 0
t88 r31 0
t88 r30 0
t88 r29 0
t88 r28 0
t88 r27 0
t88 r26 0
t88 r25 0
t88 r24 0
t88 r23 0
t88 r22 0
t88 r21 0
t88 r20 0
t88 r19 0
t88 r18 0
t88 r17 0
t88 r16 0
t88 r15 0
t88 r14 0
t88 r13 0
t88 r12 0
t88 r11 0
t88 r10 0
t88 r9 0
t88 r8 0
t88 r7 0
t88 r6 0
t88 r5 0
t88 r4 0
t88 r3 0
t88 r2 0
t88 r1 0
t87 r59 0
t87 r58 0
t87 r57 0
t87 r56 0
t87 r55 0
t87 r54 0
t87 r53 0
t87 r52 0
t87 r51 0
t87 r50 0
t87 r49 0
t87 r48 0
t87 r47 0
t87 r46 0
t87 r45 0
t87 r44 0
t87 r43 0
t87 r42 0
t87 r41 0
t87 r40 0
t87 r39 0
t87 r38 0
t87 r37 0
t87 r36 0
t87 r35 0
t87 r34 0
t87 r33 0
t87 r32 0
t87 r31 0
t87 r30 0
t87 r29 0
t87 r28 0
t87 r27 0
t87 r26 0
t87 r25 0
t87 r24 0
t87 r23 0
t87 r22 0
t87 r21 0
t87 r20 0
t87 r19 0
t87 r18 0
t87 r17 0
t87 r16 0
t87 r15 0
t87 r14 0
t87 r13 0
t87 r12 0
t87 r11 0
t87 r10 0
t87 r9 0
t87 r8 0
t87 r7 0
t87 r6 66
t87 r5 0
t87 r4 0
t87 r3 0
t87 r2 0
t87 r1 0
t86 r59 83
t86 r58 0
t86 r57 0
t86 r56 0
t86 r55 0
t86 r54 0
t86 r53 0
t86 r52 0
t86 r51 0
t86 r50 0
t86 r49 0
t86 r48 0
t86 r47 0
t86 r46 0
t86 r45 0
t86 r44 0
t86 r43 0
t86 r42 0
t86 r41 0
t86 r40 0
t86 r39 0
t86 r38 0
t86 r37 0
t86 r36 0
t86 r35 0
t86 r34 0
t86 r33 0
t86 r32 0
t86 r31 0
t86 r30 0
t86 r29 0
t86 r28 0
t86 r27 0
t86 r26 0
t86 r25 0
t86 r24 0
t86 r23 0
t86 r22 0
t86 r21 0
t86 r20 0
t86 r19 0
t86 r18 0
t86 r17 0
t86 r16 0
t86 r15 0
t86 r14 0
t86 r13 0
t86 r12 0
t86 r11 0
t86 r10 0
t86 r9 0
t86 r8 0
t86 r7 0
t86 r6 0
t86 r5 0
t86 r4 0
t86 r3 0
t86 r2 0
t86 r1 0
t85 r59 0
t85 r58 0
t85 r57 12
t85 r56 0
t85 r55 0
t85 r54 0
t85 r53 0
t85 r52 0
t85 r51 0
t85 r50 0
t85 r49 0
t85 r48 0
t85 r47 0
t85 r46 0
t85 r45 0
t85 r44 0
t85 r43 0
t85 r42 0
t85 r41 0
t85 r40 0
t85 r39 0
t85 r38 0
t85 r37 0
t85 r36 0
t85 r35 0
t85 r34 8
t85 r33 0
t85 r32 0
t85 r31 0
t85 r30 14
t85 r29 0
t85 r28 0
t85 r27 0
t85 r26 0
t85 r25 0
t85 r24 0
t85 r23 0
t85 r22 0
t85 r21 0
t85 r20 0
t85 r19 0
t85 r18 0
t85 r17 11
t85 r16 0
t85 r15 0
t85 r14 0
t85 r13 0
t85 r12 0
t85 r11 0
t85 r10 0
t85 r9 0
t85 r8 0
t85 r7 0
t85 r6 0
t85 r5 0
t85 r4 0
t85 r3 0
t85 r2 0
t85 r1 0
t84 r59 99
t84 r58 0
t84 r57 0
t84 r56 0
t84 r55 0
t84 r54 0
t84 r53 0
t84 r52 0
t84 r51 0
t84 r50 0
t84 r49 0
t84 r48 0
t84 r47 0
t84 r46 0
t84 r45 0
t84 r44 0
t84 r43 0
t84 r42 0
t84 r41 0
t84 r40 0
t84 r39 0
t84 r38 0
t84 r37 0
t84 r36 0
t84 r35 0
t84 r34 0
t84 r33 0
t84 r32 0
t84 r31 0
t84 r30 0
t84 r29 0
t84 r28 0
t84 r27 0
t84 r26 0
t84 r25 0
t84 r24 0
t84 r23 0
t84 r22 0
t84 r21 0
t84 r20 0
t84 r19 0
t84 r18 0
t84 r17 0
t84 r16 0
t84 r15 0
t84 r14 0
t84 r13 0
t84 r12 0
t84 r11 0
t84 r10 0
t84 r9 0
t84 r8 0
t84 r7 0
t84 r6 0
t84 r5 0
t84 r4 0
t84 r3 0
t84 r2 0
t84 r1 0
t83 r59 0
t83 r58 0
t83 r57 0
t83 r56 0
t83 r55 0
t83 r54 0
t83 r53 0
t83 r52 0
t83 r51 0
t83 r50 0
t83 r49 0
t83 r48 0
t83 r47 22
t83 r46 0
t83 r45 0
t83 r44 0
t83 r43 0
t83 r42 0
t83 r41 0
t83 r40 0
t83 r39 0
t83 r38 0
t83 r37 0
t83 r36 0
t83 r35 0
t83 r34 0
t83 r33 0
t83 r32 0
t83 r31 0
t83 r30 0
t83 r29 0
t83 r28 0
t83 r27 0
t83 r26 0
t83 r25 0
t83 r24 0
t83 r23 0
t83 r22 0
t83 r21 0
t83 r20 0
t83 r19 0
t83 r18 0
t83 r17 0
t83 r16 0
t83 r15 0
t83 r14 0
t83 r13 0
t83 r12 0
t83 r11 0
t83 r10 0
t83 r9 55
t83 r8 0
t83 r7 0
t83 r6 23
t83 r5 0
t83 r4 0
t83 r3 0
t83 r2 0
t83 r1 0
t82 r59 0
t82 r58 0
t82 r57 0
t82 r56 0
t82 r55 0
t82 r54 0
t82 r53 0
t82 r52 0
t82 r51 0
t82 r50 0
t82 r49 0
t82 r48 0
t82 r47 0
t82 r46 0
t82 r45 0
t82 r44 0
t82 r43 0
t82 r42 0
t82 r41 0
t82 r40 0
t82 r39 0
t82 r38 0
t82 r37 0
t82 r36 0
t82 r35 0
t82 r34 0
t82 r33 0
t82 r32 0
t82 r31 0
t82 r30 0
t82 r29 0
t82 r28 0
t82 r27 0
t82 r26 0
t82 r25 0
t82 r24 0
t82 r23 0
t82 r22 0
t82 r21 0
t82 r20 0
t82 r19 0
t82 r18 0
t82 r17 0
t82 r16 0
t82 r15 0
t82 r14 0
t82 r13 0
t82 r12 0
t82 r11 0
t82 r10 0
t82 r9 0
t82 r8 0
t82 r7 0
t82 r6 0
t82 r5 0
t82 r4 0
t82 r3 0
t82 r2 61
t82 r1 0
t81 r59 22
t81 r58 0
t81 r57 0
t81 r56 0
t81 r55 0
t81 r54 0
t81 r53 0
t81 r52 0
t81 r51 0
t81 r50 0
t81 r49 0
t81 r48 0
t81 r47 0
t81 r46 0
t81 r45 0
t81 r44 0
t81 r43 0
t81 r42 0
t81 r41 0
t81 r40 0
t81 r39 0
t81 r38 0
t81 r37 0
t81 r36 0
t81 r35 0
t81 r34 0
t81 r33 0
t81 r32 0
t81 r31 0
t81 r30 0
t81 r29 0
t81 r28 0
t81 r27 0
t81 r26 0
t81 r25 0
t81 r24 0
t81 r23 0
t81 r22 0
t81 r21 0
t81 r20 0
t81 r19 0
t81 r18 0
t81 r17 0
t81 r16 0
t81 r15 0
t81 r14 0
t81 r13 0
t81 r12 0
t81 r11 0
t81 r10 0
t81 r9 0
t81 r8 0
t81 r7 0
t81 r6 0
t81 r5 0
t81 r4 0
t81 r3 0
t81 r2 0
t81 r1 0
t80 r59 0
t80 r58 0
t80 r57 0
t80 r56 0
t80 r55 0
t80 r54 0
t80 r53 0
t80 r52 9
t80 r51 0
t80 r50 0
t80 r49 0
t80 r48 0
t80 r47 0
t80 r46 0
t80 r45 0
t80 r44 0
t80 r43 0
t80 r42 0
t80 r41 0
t80 r40 0
t80 r39 0
t80 r38 0
t80 r37 0
t80 r36 0
t80 r35 0
t80 r34 0
t80 r33 0
t80 r32 0
t80 r31 0
t80 r30 0
t80 r29 0
t80 r28 0
t80 r27 0
t80 r26 0
t80 r25 0
t80 r24 0
t80 r23 13
t80 r22 0
t80 r21 0
t80 r20 0
t80 r19 0
t80 r18 0
t80 r17 0
t80 r16 0
t80 r15 0
t80 r14 0
t80 r13 0
t80 r12 0
t80 r11 0
t80 r10 0
t80 r9 0
t80 r8 0
t80 r7 0
t80 r6 0
t80 r5 0
t80 r4 27
t80 r3 0
t80 r2 0
t80 r1 0
t79 r59 0
t79 r58 0
t79 r57 0
t79 r56 0
t79 r55 0
t79 r54 0
t79 r53 0
t79 r52 0
t79 r51 0
t79 r50 0
t79 r49 0
t79 r48 0
t79 r47 0
t79 r46 0
t79 r45 0
t79 r44 0
t79 r43 0
t79 r42 0
t79 r41 0
t79 r40 0
t79 r39 0
t79 r38 0
t79 r37 0
t79 r36 0
t79 r35 0
t79 r34 0
t79 r33 0
t79 r32 0
t79 r31 0
t79 r30 0
t79 r29 0
t79 r28 0
t79 r27 0
t79 r26 0
t79 r25 0
t79 r24 9
t79 r23 0
t79 r22 0
t79 r21 0
t79 r20 0
t79 r19 0
t79 r18 26
t79 r17 0
t79 r16 0
t79 r15 0
t79 r14 0
t79 r13 0
t79 r12 0
t79 r11 0
t79 r10 0
t79 r9 0
t79 r8 29
t79 r7 0
t79 r6 0
t79 r5 0
t79 r4 0
t79 r3 0
t79 r2 0
t79 r1 0
t78 r59 0
t78 r58 0
t78 r57 0
t78 r56 0
t78 r55 0
t78 r54 8
t78 r53 0
t78 r52 0
t78 r51 24
t78 r50 0
t78 r49 0
t78 r48 0
t78 r47 0
t78 r46 0
t78 r45 0
t78 r44 0
t78 r43 0
t78 r42 0
t78 r41 0
t78 r40 0
t78 r39 0
t78 r38 0
t78 r37 0
t78 r36 0
t78 r35 0
t78 r34 0
t78 r33 0
t78 r32 0
t78 r31 0
t78 r30 0
t78 r29 0
t78 r28 0
t78 r27 0
t78 r26 0
t78 r25 0
t78 r24 0
t78 r23 0
t78 r22 0
t78 r21 0
t78 r20 0
t78 r19 0
t78 r18 0
t78 r17 0
t78 r16 0
t78 r15 0
t78 r14 0
t78 r13 0
t78 r12 0
t78 r11 0
t78 r10 0
t78 r9 19
t78 r8 0
t78 r7 0
t78 r6 0
t78 r5 0
t78 r4 0
t78 r3 0
t78 r2 0
t78 r1 0
t77 r59 0
t77 r58 0
t77 r57 0
t77 r56 0
t77 r55 0
t77 r54 0
t77 r53 0
t77 r52 0
t77 r51 0
t77 r50 0
t77 r49 0
t77 r48 0
t77 r47 0
t77 r46 0
t77 r45 0
t77 r44 0
t77 r43 0
t77 r42 0
t77 r41 0
t77 r40 0
t77 r39 0
t77 r38 0
t77 r37 0
t77 r36 0
t77 r35 0
t77 r34 0
t77 r33 0
t77 r32 0
t77 r31 0
t77 r30 0
t77 r29 0
t77 r28 0
t77 r27 0
t77 r26 0
t77 r25 0
t77 r24 0
t77 r23 0
t77 r22 0
t77 r21 0
t77 r20 0
t77 r19 0
t77 r18 53
t77 r17 0
t77 r16 0
t77 r15 0
t77 r14 0
t77 r13 0
t77 r12 0
t77 r11 0
t77 r10 0
t77 r9 0
t77 r8 0
t77 r7 0
t77 r6 0
t77 r5 0
t77 r4 0
t77 r3 0
t77 r2 0
t77 r1 0
t76 r59 47
t76 r58 0
t76 r57 0
t76 r56 0
t76 r55 0
t76 r54 0
t76 r53 0
t76 r52 0
t76 r51 0
t76 r50 0
t76 r49 0
t76 r48 0
t76 r47 0
t76 r46 0
t76 r45 0
t76 r44 0
t76 r43 0
t76 r42 0
t76 r41 0
t76 r40 0
t76 r39 0
t76 r38 0
t76 r37 0
t76 r36 0
t76 r35 0
t76 r34 0
t76 r33 0
t76 r32 0
t76 r31 0
t76 r30 0
t76 r29 0
t76 r28 0
t76 r27 0
t76 r26 0
t76 r25 0
t76 r24 0
t76 r23 0
t76 r22 0
t76 r21 0
t76 r20 0
t76 r19 0
t76 r18 0
t76 r17 0
t76 r16 0
t76 r15 0
t76 r14 0
t76 r13 0
t76 r12 0
t76 r11 0
t76 r10 0
t76 r9 0
t76 r8 0
t76 r7 0
t76 r6 0
t76 r5 0
t76 r4 0
t76 r3 0
t76 r2 0
t76 r1 0
t75 r59 0
t75 r58 0
t75 r57 0
t75 r56 0
t75 r55 0
t75 r54 0
t75 r53 0
t75 r52 0
t75 r51 0
t75 r50 0
t75 r49 0
t75 r48 0
t75 r47 0
t75 r46 0
t75 r45 0
t75 r44 0
t75 r43 0
t75 r42 0
t75 r41 0
t75 r40 0
t75 r39 8
t75 r38 0
t75 r37 0
t75 r36 0
t75 r35 0
t75 r34 0
t75 r33 0
t75 r32 0
t75 r31 0
t75 r30 0
t75 r29 0
t75 r28 0
t75 r27 0
t75 r26 1
t75 r25 0
t75 r24 0
t75 r23 0
t75 r22 9
t75 r21 0
t75 r20 0
t75 r19 0
t75 r18 0
t75 r17 0
t75 r16 0
t75 r15 0
t75 r14 0
t75 r13 0
t75 r12 0
t75 r11 0
t75 r10 0
t75 r9 0
t75 r8 0
t75 r7 0
t75 r6 0
t75 r5 0
t75 r4 0
t75 r3 0
t75 r2 0
t75 r1 0
t74 r59 36
t74 r58 0
t74 r57 0
t74 r56 0
t74 r55 0
t74 r54 0
t74 r53 0
t74 r52 0
t74 r51 0
t74 r50 0
t74 r49 0
t74 r48 0
t74 r47 0
t74 r46 0
t74 r45 0
t74 r44 0
t74 r43 0
t74 r42 0
t74 r41 0
t74 r40 0
t74 r39 0
t74 r38 0
t74 r37 0
t74 r36 0
t74 r35 0
t74 r34 0
t74 r33 0
t74 r32 0
t74 r31 0
t74 r30 0
t74 r29 0
t74 r28 0
t74 r27 0
t74 r26 0
t74 r25 0
t74 r24 0
t74 r23 0
t74 r22 0
t74 r21 0
t74 r20 0
t74 r19 0
t74 r18 0
t74 r17 0
t74 r16 0
t74 r15 0
t74 r14 0
t74 r13 0
t74 r12 0
t74 r11 0
t74 r10 0
t74 r9 0
t74 r8 0
t74 r7 0
t74 r6 0
t74 r5 0
t74 r4 0
t74 r3 0
t74 r2 0
t74 r1 0
t73 r59 0
t73 r58 0
t73 r57 0
t73 r56 0
t73 r55 0
t73 r54 0
t73 r53 0
t73 r52 0
t73 r51 0
t73 r50 0
t73 r49 0
t73 r48 0
t73 r47 0
t73 r46 0
t73 r45 0
t73 r44 0
t73 r43 0
t73 r42 0
t73 r41 0
t73 r40 0
t73 r39 0
t73 r38 0
t73 r37 0
t73 r36 0
t73 r35 0
t73 r34 0
t73 r33 0
t73 r32 0
t73 r31 0
t73 r30 0
t73 r29 0
t73 r28 16
t73 r27 0
t73 r26 0
t73 r25 0
t73 r24 0
t73 r23 0
t73 r22 0
t73 r21 0
t73 r20 0
t73 r19 0
t73 r18 0
t73 r17 0
t73 r16 0
t73 r15 0
t73 r14 0
t73 r13 0
t73 r12 0
t73 r11 0
t73 r10 24
t73 r9 0
t73 r8 0
t73 r7 0
t73 r6 0
t73 r5 0
t73 r4 0
t73 r3 0
t73 r2 0
t73 r1 0
t72 r59 55
t72 r58 0
t72 r57 0
t72 r56 0
t72 r55 0
t72 r54 0
t72 r53 0
t72 r52 0
t72 r51 0
t72 r50 0
t72 r49 0
t72 r48 0
t72 r47 0
t72 r46 0
t72 r45 0
t72 r44 0
t72 r43 0
t72 r42 0
t72 r41 0
t72 r40 0
t72 r39 0
t72 r38 0
t72 r37 0
t72 r36 0
t72 r35 0
t72 r34 0
t72 r33 0
t72 r32 0
t72 r31 0
t72 r30 0
t72 r29 0
t72 r28 0
t72 r27 0
t72 r26 0
t72 r25 0
t72 r24 0
t72 r23 0
t72 r22 0
t72 r21 0
t72 r20 0
t72 r19 0
t72 r18 0
t72 r17 0
t72 r16 0
t72 r15 0
t72 r14 0
t72 r13 0
t72 r12 0
t72 r11 0
t72 r10 0
t72 r9 0
t72 r8 0
t72 r7 0
t72 r6 0
t72 r5 0
t72 r4 0
t72 r3 0
t72 r2 0
t72 r1 0
t71 r59 71
t71 r58 0
t71 r57 0
t71 r56 0
t71 r55 0
t71 r54 0
t71 r53 0
t71 r52 0
t71 r51 0
t71 r50 0
t71 r49 0
t71 r48 0
t71 r47 0
t71 r46 0
t71 r45 0
t71 r44 0
t71 r43 0
t71 r42 0
t71 r41 0
t71 r40 0
t71 r39 0
t71 r38 0
t71 r37 0
t71 r36 0
t71 r35 0
t71 r34 0
t71 r33 0
t71 r32 0
t71 r31 0
t71 r30 0
t71 r29 0
t71 r28 0
t71 r27 0
t71 r26 0
t71 r25 0
t71 r24 0
t71 r23 0
t71 r22 0
t71 r21 0
t71 r20 0
t71 r19 0
t71 r18 0
t71 r17 0
t71 r16 0
t71 r15 0
t71 r14 0
t71 r13 0
t71 r12 0
t71 r11 0
t71 r10 0
t71 r9 0
t71 r8 0
t71 r7 0
t71 r6 0
t71 r5 0
t71 r4 0
t71 r3 0
t71 r2 0
t71 r1 0
t70 r59 0
t70 r58 0
t70 r57 0
t70 r56 0
t70 r55 0
t70 r54 14
t70 r53 0
t70 r52 0
t70 r51 0
t70 r50 0
t70 r49 0
t70 r48 0
t70 r47 0
t70 r46 0
t70 r45 0
t70 r44 0
t70 r43 0
t70 r42 0
t70 r41 0
t70 r40 0
t70 r39 0
t70 r38 0
t70 r37 0
t70 r36 0
t70 r35 0
t70 r34 0
t70 r33 0
t70 r32 0
t70 r31 0
t70 r30 0
t70 r29 0
t70 r28 0
t70 r27 0
t70 r26 0
t70 r25 0
t70 r24 0
t70 r23 0
t70 r22 0
t70 r21 0
t70 r20 0
t70 r19 0
t70 r18 0
t70 r17 0
t70 r16 0
t70 r15 0
t70 r14 0
t70 r13 0
t70 r12 0
t70 r11 0
t70 r10 0
t70 r9 0
t70 r8 0
t70 r7 0
t70 r6 0
t70 r5 0
t70 r4 0
t70 r3 0
t70 r2 0
t70 r1 0
t69 r59 0
t69 r58 0
t69 r57 0
t69 r56 0
t69 r55 0
t69 r54 0
t69 r53 0
t69 r52 0
t69 r51 0
t69 r50 0
t69 r49 0
t69 r48 0
t69 r47 0
t69 r46 0
t69 r45 0
t69 r44 0
t69 r43 0
t69 r42 0
t69 r41 0
t69 r40 0
t69 r39 0
t69 r38 0
t69 r37 0
t69 r36 0
t69 r35 0
t69 r34 0
t69 r33 0
t69 r32 0
t69 r31 0
t69 r30 0
t69 r29 0
t69 r28 0
t69 r27 0
t69 r26 0
t69 r25 0
t69 r24 0
t69 r23 0
t69 r22 0
t69 r21 0
t69 r20 0
t69 r19 0
t69 r18 0
t69 r17 0
t69 r16 0
t69 r15 0
t69 r14 0
t69 r13 0
t69 r12 0
t69 r11 0
t69 r10 0
t69 r9 0
t69 r8 0
t69 r7 25
t69 r6 0
t69 r5 0
t69 r4 0
t69 r3 0
t69 r2 0
t69 r1 0
t68 r59 14
t68 r58 0
t68 r57 0
t68 r56 0
t68 r55 0
t68 r54 0
t68 r53 0
t68 r52 0
t68 r51 0
t68 r50 0
t68 r49 0
t68 r48 0
t68 r47 0
t68 r46 0
t68 r45 0
t68 r44 0
t68 r43 0
t68 r42 0
t68 r41 0
t68 r40 0
t68 r39 0
t68 r38 0
t68 r37 0
t68 r36 0
t68 r35 0
t68 r34 0
t68 r33 0
t68 r32 0
t68 r31 0
t68 r30 0
t68 r29 0
t68 r28 0
t68 r27 0
t68 r26 0
t68 r25 0
t68 r24 0
t68 r23 0
t68 r22 0
t68 r21 0
t68 r20 0
t68 r19 0
t68 r18 0
t68 r17 0
t68 r16 0
t68 r15 0
t68 r14 0
t68 r13 0
t68 r12 0
t68 r11 0
t68 r10 0
t68 r9 0
t68 r8 0
t68 r7 0
t68 r6 0
t68 r5 0
t68 r4 0
t68 r3 0
t68 r2 0
t68 r1 0
t67 r59 66
t67 r58 0
t67 r57 0
t67 r56 0
t67 r55 0
t67 r54 0
t67 r53 0
t67 r52 0
t67 r51 0
t67 r50 0
t67 r49 0
t67 r48 0
t67 r47 0
t67 r46 0
t67 r45 0
t67 r44 0
t67 r43 0
t67 r42 0
t67 r41 0
t67 r40 0
t67 r39 0
t67 r38 0
t67 r37 0
t67 r36 0
t67 r35 0
t67 r34 0
t67 r33 0
t67 r32 0
t67 r31 0
t67 r30 0
t67 r29 0
t67 r28 0
t67 r27 0
t67 r26 0
t67 r25 0
t67 r24 0
t67 r23 0
t67 r22 0
t67 r21 2
t67 r20 0
t67 r19 0
t67 r18 0
t67 r17 0
t67 r16 0
t67 r15 0
t67 r14 0
t67 r13 0
t67 r12 0
t67 r11 0
t67 r10 0
t67 r9 0
t67 r8 0
t67 r7 0
t67 r6 0
t67 r5 0
t67 r4 0
t67 r3 0
t67 r2 0
t67 r1 0
t66 r59 58
t66 r58 0
t66 r57 0
t66 r56 0
t66 r55 0
t66 r54 0
t66 r53 0
t66 r52 0
t66 r51 0
t66 r50 0
t66 r49 0
t66 r48 0
t66 r47 0
t66 r46 0
t66 r45 0
t66 r44 0
t66 r43 0
t66 r42 0
t66 r41 0
t66 r40 0
t66 r39 0
t66 r38 0
t66 r37 0
t66 r36 0
t66 r35 0
t66 r34 0
t66 r33 0
t66 r32 0
t66 r31 0
t66 r30 0
t66 r29 0
t66 r28 0
t66 r27 0
t66 r26 0
t66 r25 0
t66 r24 0
t66 r23 0
t66 r22 0
t66 r21 0
t66 r20 0
t66 r19 0
t66 r18 0
t66 r17 0
t66 r16 0
t66 r15 0
t66 r14 0
t66 r13 0
t66 r12 0
t66 r11 0
t66 r10 0
t66 r9 0
t66 r8 0
t66 r7 0
t66 r6 0
t66 r5 0
t66 r4 0
t66 r3 0
t66 r2 0
t66 r1 0
t65 r59 19
t65 r58 0
t65 r57 0
t65 r56 0
t65 r55 0
t65 r54 0
t65 r53 0
t65 r52 0
t65 r51 0
t65 r50 0
t65 r49 0
t65 r48 0
t65 r47 0
t65 r46 0
t65 r45 0
t65 r44 0
t65 r43 0
t65 r42 0
t65 r41 0
t65 r40 0
t65 r39 0
t65 r38 0
t65 r37 0
t65 r36 0
t65 r35 0
t65 r34 0
t65 r33 0
t65 r32 0
t65 r31 0
t65 r30 0
t65 r29 0
t65 r28 0
t65 r27 0
t65 r26 0
t65 r25 0
t65 r24 0
t65 r23 0
t65 r22 0
t65 r21 0
t65 r20 0
t65 r19 0
t65 r18 0
t65 r17 0
t65 r16 0
t65 r15 0
t65 r14 0
t65 r13 0
t65 r12 0
t65 r11 0
t65 r10 0
t65 r9 0
t65 r8 0
t65 r7 0
t65 r6 0
t65 r5 0
t65 r4 0
t65 r3 0
t65 r2 0
t65 r1 0
t64 r59 0
t64 r58 28
t64 r57 0
t64 r56 0
t64 r55 0
t64 r54 0
t64 r53 0
t64 r52 0
t64 r51 0
t64 r50 0
t64 r49 0
t64 r48 0
t64 r47 0
t64 r46 0
t64 r45 0
t64 r44 0
t64 r43 0
t64 r42 0
t64 r41 0
t64 r40 0
t64 r39 0
t64 r38 0
t64 r37 0
t64 r36 0
t64 r35 0
t64 r34 0
t64 r33 0
t64 r32 0
t64 r31 0
t64 r30 0
t64 r29 0
t64 r28 0
t64 r27 0
t64 r26 0
t64 r25 0
t64 r24 0
t64 r23 0
t64 r22 0
t64 r21 0
t64 r20 12
t64 r19 0
t64 r18 0
t64 r17 0
t64 r16 0
t64 r15 0
t64 r14 0
t64 r13 0
t64 r12 0
t64 r11 0
t64 r10 0
t64 r9 0
t64 r8 0
t64 r7 15
t64 r6 0
t64 r5 0
t64 r4 0
t64 r3 0
t64 r2 0
t64 r1 0
t63 r59 30
t63 r58 0
t63 r57 0
t63 r56 0
t63 r55 0
t63 r54 0
t63 r53 0
t63 r52 0
t63 r51 0
t63 r50 0
t63 r49 0
t63 r48 0
t63 r47 0
t63 r46 0
t63 r45 0
t63 r44 0
t63 r43 0
t63 r42 0
t63 r41 0
t63 r40 0
t63 r39 0
t63 r38 0
t63 r37 0
t63 r36 0
t63 r35 0
t63 r34 0
t63 r33 0
t63 r32 0
t63 r31 0
t63 r30 0
t63 r29 0
t63 r28 0
t63 r27 0
t63 r26 0
t63 r25 0
t63 r24 0
t63 r23 0
t63 r22 0
t63 r21 0
t63 r20 0
t63 r19 0
t63 r18 0
t63 r17 0
t63 r16 0
t63 r15 0
t63 r14 0
t63 r13 0
t63 r12 0
t63 r11 0
t63 r10 0
t63 r9 0
t63 r8 0
t63 r7 0
t63 r6 0
t63 r5 0
t63 r4 0
t63 r3 0
t63 r2 0
t63 r1 0
t62 r59 60
t62 r58 0
t62 r57 0
t62 r56 0
t62 r55 0
t62 r54 0
t62 r53 0
t62 r52 0
t62 r51 0
t62 r50 0
t62 r49 0
t62 r48 0
t62 r47 0
t62 r46 0
t62 r45 0
t62 r44 0
t62 r43 0
t62 r42 0
t62 r41 0
t62 r40 0
t62 r39 0
t62 r38 0
t62 r37 0
t62 r36 0
t62 r35 0
t62 r34 0
t62 r33 0
t62 r32 0
t62 r31 0
t62 r30 0
t62 r29 0
t62 r28 0
t62 r27 0
t62 r26 0
t62 r25 0
t62 r24 0
t62 r23 0
t62 r22 0
t62 r21 0
t62 r20 0
t62 r19 0
t62 r18 0
t62 r17 0
t62 r16 0
t62 r15 0
t62 r14 0
t62 r13 0
t62 r12 0
t62 r11 0
t62 r10 0
t62 r9 0
t62 r8 0
t62 r7 0
t62 r6 0
t62 r5 0
t62 r4 0
t62 r3 0
t62 r2 0
t62 r1 0
t61 r59 0
t61 r58 24
t61 r57 0
t61 r56 0
t61 r55 0
t61 r54 0
t61 r53 0
t61 r52 0
t61 r51 0
t61 r50 0
t61 r49 0
t61 r48 0
t61 r47 0
t61 r46 0
t61 r45 0
t61 r44 0
t61 r43 0
t61 r42 0
t61 r41 0
t61 r40 0
t61 r39 0
t61 r38 0
t61 r37 0
t61 r36 0
t61 r35 0
t61 r34 0
t61 r33 0
t61 r32 0
t61 r31 0
t61 r30 0
t61 r29 0
t61 r28 0
t61 r27 0
t61 r26 0
t61 r25 0
t61 r24 0
t61 r23 0
t61 r22 0
t61 r21 0
t61 r20 0
t61 r19 0
t61 r18 0
t61 r17 0
t61 r16 0
t61 r15 0
t61 r14 0
t61 r13 0
t61 r12 0
t61 r11 0
t61 r10 0
t61 r9 0
t61 r8 0
t61 r7 0
t61 r6 0
t61 r5 0
t61 r4 0
t61 r3 0
t61 r2 0
t61 r1 0
t60 r59 0
t60 r58 0
t60 r57 0
t60 r56 0
t60 r55 0
t60 r54 0
t60 r53 0
t60 r52 0
t60 r51 0
t60 r50 0
t60 r49 0
t60 r48 0
t60 r47 0
t60 r46 0
t60 r45 0
t60 r44 0
t60 r43 0
t60 r42 0
t60 r41 0
t60 r40 78
t60 r39 0
t60 r38 0
t60 r37 0
t60 r36 0
t60 r35 0
t60 r34 0
t60 r33 0
t60 r32 0
t60 r31 0
t60 r30 0
t60 r29 0
t60 r28 0
t60 r27 0
t60 r26 0
t60 r25 0
t60 r24 0
t60 r23 0
t60 r22 0
t60 r21 0
t60 r20 0
t60 r19 0
t60 r18 0
t60 r17 0
t60 r16 0
t60 r15 0
t60 r14 0
t60 r13 0
t60 r12 0
t60 r11 0
t60 r10 0
t60 r9 0
t60 r8 0
t60 r7 0
t60 r6 0
t60 r5 0
t60 r4 0
t60 r3 0
t60 r2 0
t60 r1 0
t59 r59 7
t59 r58 0
t59 r57 0
t59 r56 0
t59 r55 0
t59 r54 0
t59 r53 0
t59 r52 0
t59 r51 0
t59 r50 0
t59 r49 0
t59 r48 0
t59 r47 0
t59 r46 0
t59 r45 0
t59 r44 0
t59 r43 0
t59 r42 0
t59 r41 0
t59 r40 0
t59 r39 0
t59 r38 0
t59 r37 0
t59 r36 0
t59 r35 0
t59 r34 0
t59 r33 0
t59 r32 0
t59 r31 0
t59 r30 0
t59 r29 0
t59 r28 0
t59 r27 0
t59 r26 0
t59 r25 0
t59 r24 0
t59 r23 0
t59 r22 0
t59 r21 0
t59 r20 0
t59 r19 0
t59 r18 0
t59 r17 0
t59 r16 0
t59 r15 0
t59 r14 0
t59 r13 0
t59 r12 0
t59 r11 0
t59 r10 0
t59 r9 0
t59 r8 0
t59 r7 0
t59 r6 0
t59 r5 0
t59 r4 0
t59 r3 0
t59 r2 0
t59 r1 0
t58 r59 6
t58 r58 0
t58 r57 0
t58 r56 0
t58 r55 0
t58 r54 0
t58 r53 0
t58 r52 0
t58 r51 0
t58 r50 0
t58 r49 0
t58 r48 0
t58 r47 0
t58 r46 0
t58 r45 0
t58 r44 0
t58 r43 0
t58 r42 0
t58 r41 0
t58 r40 0
t58 r39 0
t58 r38 0
t58 r37 0
t58 r36 0
t58 r35 0
t58 r34 0
t58 r33 0
t58 r32 0
t58 r31 0
t58 r30 0
t58 r29 0
t58 r28 0
t58 r27 0
t58 r26 0
t58 r25 0
t58 r24 0
t58 r23 0
t58 r22 0
t58 r21 0
t58 r20 0
t58 r19 0
t58 r18 0
t58 r17 0
t58 r16 0
t58 r15 0
t58 r14 0
t58 r13 0
t58 r12 0
t58 r11 0
t58 r10 0
t58 r9 0
t58 r8 0
t58 r7 0
t58 r6 0
t58 r5 0
t58 r4 0
t58 r3 0
t58 r2 0
t58 r1 0
t57 r59 21
t57 r58 0
t57 r57 0
t57 r56 0
t57 r55 0
t57 r54 0
t57 r53 0
t57 r52 0
t57 r51 0
t57 r50 0
t57 r49 0
t57 r48 0
t57 r47 0
t57 r46 0
t57 r45 13
t57 r44 0
t57 r43 0
t57 r42 0
t57 r41 0
t57 r40 0
t57 r39 0
t57 r38 0
t57 r37 48
t57 r36 0
t57 r35 0
t57 r34 0
t57 r33 0
t57 r32 0
t57 r31 0
t57 r30 0
t57 r29 0
t57 r28 0
t57 r27 0
t57 r26 0
t57 r25 0
t57 r24 0
t57 r23 0
t57 r22 0
t57 r21 0
t57 r20 0
t57 r19 0
t57 r18 0
t57 r17 0
t57 r16 0
t57 r15 0
t57 r14 0
t57 r13 0
t57 r12 0
t57 r11 0
t57 r10 0
t57 r9 0
t57 r8 0
t57 r7 0
t57 r6 0
t57 r5 0
t57 r4 0
t57 r3 0
t57 r2 0
t57 r1 0
t56 r59 0
t56 r58 0
t56 r57 0
t56 r56 0
t56 r55 0
t56 r54 0
t56 r53 0
t56 r52 0
t56 r51 0
t56 r50 0
t56 r49 0
t56 r48 0
t56 r47 0
t56 r46 0
t56 r45 0
t56 r44 0
t56 r43 0
t56 r42 0
t56 r41 0
t56 r40 0
t56 r39 0
t56 r38 0
t56 r37 0
t56 r36 0
t56 r35 0
t56 r34 0
t56 r33 0
t56 r32 0
t56 r31 0
t56 r30 0
t56 r29 0
t56 r28 0
t56 r27 0
t56 r26 0
t56 r25 0
t56 r24 0
t56 r23 0
t56 r22 0
t56 r21 0
t56 r20 0
t56 r19 0
t56 r18 0
t56 r17 0
t56 r16 0
t56 r15 0
t56 r14 0
t56 r13 0
t56 r12 41
t56 r11 0
t56 r10 27
t56 r9 0
t56 r8 0
t56 r7 0
t56 r6 0
t56 r5 0
t56 r4 0
t56 r3 0
t56 r2 0
t56 r1 0
t55 r59 83
t55 r58 0
t55 r57 0
t55 r56 0
t55 r55 0
t55 r54 0
t55 r53 0
t55 r52 0
t55 r51 0
t55 r50 0
t55 r49 0
t55 r48 0
t55 r47 0
t55 r46 0
t55 r45 0
t55 r44 0
t55 r43 0
t55 r42 0
t55 r41 0
t55 r40 0
t55 r39 0
t55 r38 0
t55 r37 0
t55 r36 0
t55 r35 0
t55 r34 0
t55 r33 0
t55 r32 0
t55 r31 0
t55 r30 0
t55 r29 0
t55 r28 0
t55 r27 0
t55 r26 0
t55 r25 0
t55 r24 0
t55 r23 0
t55 r22 0
t55 r21 0
t55 r20 0
t55 r19 0
t55 r18 0
t55 r17 0
t55 r16 0
t55 r15 0
t55 r14 0
t55 r13 0
t55 r12 0
t55 r11 0
t55 r10 0
t55 r9 0
t55 r8 0
t55 r7 0
t55 r6 0
t55 r5 0
t55 r4 0
t55 r3 0
t55 r2 0
t55 r1 0
t54 r59 85
t54 r58 0
t54 r57 0
t54 r56 0
t54 r55 0
t54 r54 0
t54 r53 0
t54 r52 0
t54 r51 0
t54 r50 0
t54 r49 0
t54 r48 0
t54 r47 0
t54 r46 0
t54 r45 0
t54 r44 0
t54 r43 0
t54 r42 0
t54 r41 0
t54 r40 0
t54 r39 0
t54 r38 0
t54 r37 0
t54 r36 0
t54 r35 0
t54 r34 0
t54 r33 0
t54 r32 0
t54 r31 0
t54 r30 0
t54 r29 0
t54 r28 0
t54 r27 0
t54 r26 0
t54 r25 0
t54 r24 0
t54 r23 0
t54 r22 0
t54 r21 0
t54 r20 0
t54 r19 0
t54 r18 0
t54 r17 0
t54 r16 0
t54 r15 0
t54 r14 0
t54 r13 0
t54 r12 0
t54 r11 0
t54 r10 0
t54 r9 0
t54 r8 0
t54 r7 0
t54 r6 0
t54 r5 0
t54 r4 0
t54 r3 0
t54 r2 0
t54 r1 0
t53 r59 0
t53 r58 0
t53 r57 0
t53 r56 0
t53 r55 0
t53 r54 0
t53 r53 0
t53 r52 0
t53 r51 0
t53 r50 0
t53 r49 0
t53 r48 0
t53 r47 0
t53 r46 0
t53 r45 0
t53 r44 0
t53 r43 0
t53 r42 0
t53 r41 0
t53 r40 0
t53 r39 0
t53 r38 0
t53 r37 0
t53 r36 0
t53 r35 0
t53 r34 0
t53 r33 0
t53 r32 0
t53 r31 0
t53 r30 0
t53 r29 0
t53 r28 0
t53 r27 0
t53 r26 0
t53 r25 0
t53 r24 0
t53 r23 0
t53 r22 0
t53 r21 0
t53 r20 0
t53 r19 0
t53 r18 0
t53 r17 0
t53 r16 0
t53 r15 0
t53 r14 0
t53 r13 0
t53 r12 0
t53 r11 0
t53 r10 0
t53 r9 0
t53 r8 0
t53 r7 0
t53 r6 0
t53 r5 0
t53 r4 0
t53 r3 0
t53 r2 0
t53 r1 26
t52 r59 0
t52 r58 0
t52 r57 0
t52 r56 0
t52 r55 0
t52 r54 0
t52 r53 0
t52 r52 0
t52 r51 0
t52 r50 0
t52 r49 0
t52 r48 0
t52 r47 0
t52 r46 0
t52 r45 0
t52 r44 0
t52 r43 0
t52 r42 0
t52 r41 91
t52 r40 9
t52 r39 0
t52 r38 0
t52 r37 0
t52 r36 0
t52 r35 0
t52 r34 0
t52 r33 0
t52 r32 0
t52 r31 0
t52 r30 0
t52 r29 0
t52 r28 0
t52 r27 0
t52 r26 0
t52 r25 0
t52 r24 0
t52 r23 0
t52 r22 0
t52 r21 0
t52 r20 0
t52 r19 0
t52 r18 0
t52 r17 0
t52 r16 0
t52 r15 0
t52 r14 0
t52 r13 0
t52 r12 0
t52 r11 0
t52 r10 0
t52 r9 0
t52 r8 0
t52 r7 0
t52 r6 0
t52 r5 0
t52 r4 0
t52 r3 0
t52 r2 0
t52 r1 0
t51 r59 46
t51 r58 0
t51 r57 0
t51 r56 0
t51 r55 0
t51 r54 0
t51 r53 0
t51 r52 0
t51 r51 0
t51 r50 0
t51 r49 0
t51 r48 0
t51 r47 0
t51 r46 0
t51 r45 0
t51 r44 0
t51 r43 0
t51 r42 0
t51 r41 0
t51 r40 0
t51 r39 0
t51 r38 0
t51 r37 0
t51 r36 0
t51 r35 0
t51 r34 0
t51 r33 0
t51 r32 0
t51 r31 0
t51 r30 0
t51 r29 0
t51 r28 0
t51 r27 0
t51 r26 0
t51 r25 0
t51 r24 0
t51 r23 0
t51 r22 0
t51 r21 0
t51 r20 0
t51 r19 0
t51 r18 0
t51 r17 0
t51 r16 0
t51 r15 0
t51 r14 0
t51 r13 0
t51 r12 0
t51 r11 0
t51 r10 0
t51 r9 0
t51 r8 0
t51 r7 0
t51 r6 0
t51 r5 0
t51 r4 0
t51 r3 0
t51 r2 0
t51 r1 0
t50 r59 0
t50 r58 0
t50 r57 0
t50 r56 0
t50 r55 0
t50 r54 0
t50 r53 0
t50 r52 43
t50 r51 0
t50 r50 0
t50 r49 0
t50 r48 0
t50 r47 0
t50 r46 0
t50 r45 0
t50 r44 0
t50 r43 0
t50 r42 0
t50 r41 0
t50 r40 0
t50 r39 0
t50 r38 0
t50 r37 0
t50 r36 0
t50 r35 29
t50 r34 0
t50 r33 0
t50 r32 0
t50 r31 0
t50 r30 0
t50 r29 0
t50 r28 0
t50 r27 0
t50 r26 0
t50 r25 0
t50 r24 0
t50 r23 0
t50 r22 0
t50 r21 0
t50 r20 0
t50 r19 0
t50 r18 0
t50 r17 0
t50 r16 0
t50 r15 0
t50 r14 0
t50 r13 0
t50 r12 0
t50 r11 0
t50 r10 0
t50 r9 0
t50 r8 0
t50 r7 0
t50 r6 0
t50 r5 0
t50 r4 0
t50 r3 0
t50 r2 0
t50 r1 0
t49 r59 0
t49 r58 0
t49 r57 0
t49 r56 0
t49 r55 0
t49 r54 0
t49 r53 0
t49 r52 45
t49 r51 0
t49 r50 0
t49 r49 0
t49 r48 0
t49 r47 0
t49 r46 0
t49 r45 0
t49 r44 0
t49 r43 0
t49 r42 0
t49 r41 0
t49 r40 0
t49 r39 0
t49 r38 0
t49 r37 0
t49 r36 0
t49 r35 0
t49 r34 0
t49 r33 0
t49 r32 0
t49 r31 0
t49 r30 0
t49 r29 0
t49 r28 0
t49 r27 0
t49 r26 0
t49 r25 0
t49 r24 0
t49 r23 0
t49 r22 0
t49 r21 0
t49 r20 0
t49 r19 0
t49 r18 0
t49 r17 0
t49 r16 0
t49 r15 0
t49 r14 0
t49 r13 0
t49 r12 0
t49 r11 0
t49 r10 0
t49 r9 0
t49 r8 0
t49 r7 0
t49 r6 0
t49 r5 0
t49 r4 0
t49 r3 0
t49 r2 0
t49 r1 0
t48 r59 0
t48 r58 0
t48 r57 0
t48 r56 0
t48 r55 0
t48 r54 0
t48 r53 0
t48 r52 0
t48 r51 0
t48 r50 0
t48 r49 0
t48 r48 0
t48 r47 0
t48 r46 0
t48 r45 0
t48 r44 0
t48 r43 0
t48 r42 0
t48 r41 0
t48 r40 0
t48 r39 0
t48 r38 0
t48 r37 0
t48 r36 0
t48 r35 0
t48 r34 0
t48 r33 0
t48 r32 0
t48 r31 0
t48 r30 0
t48 r29 0
t48 r28 0
t48 r27 0
t48 r26 0
t48 r25 0
t48 r24 0
t48 r23 0
t48 r22 0
t48 r21 0
t48 r20 0
t48 r19 0
t48 r18 0
t48 r17 0
t48 r16 0
t48 r15 0
t48 r14 0
t48 r13 0
t48 r12 0
t48 r11 0
t48 r10 0
t48 r9 17
t48 r8 0
t48 r7 0
t48 r6 0
t48 r5 0
t48 r4 0
t48 r3 0
t48 r2 0
t48 r1 0
t47 r59 0
t47 r58 0
t47 r57 0
t47 r56 0
t47 r55 0
t47 r54 0
t47 r53 0
t47 r52 0
t47 r51 0
t47 r50 0
t47 r49 0
t47 r48 0
t47 r47 0
t47 r46 0
t47 r45 0
t47 r44 0
t47 r43 0
t47 r42 0
t47 r41 0
t47 r40 0
t47 r39 0
t47 r38 0
t47 r37 0
t47 r36 0
t47 r35 0
t47 r34 0
t47 r33 0
t47 r32 0
t47 r31 0
t47 r30 0
t47 r29 0
t47 r28 0
t47 r27 0
t47 r26 0
t47 r25 34
t47 r24 0
t47 r23 0
t47 r22 0
t47 r21 0
t47 r20 0
t47 r19 0
t47 r18 0
t47 r17 0
t47 r16 0
t47 r15 0
t47 r14 0
t47 r13 0
t47 r12 0
t47 r11 0
t47 r10 0
t47 r9 0
t47 r8 0
t47 r7 0
t47 r6 0
t47 r5 0
t47 r4 0
t47 r3 0
t47 r2 0
t47 r1 0
t46 r59 18
t46 r58 0
t46 r57 0
t46 r56 0
t46 r55 0
t46 r54 0
t46 r53 0
t46 r52 0
t46 r51 0
t46 r50 0
t46 r49 0
t46 r48 0
t46 r47 0
t46 r46 0
t46 r45 0
t46 r44 0
t46 r43 0
t46 r42 0
t46 r41 0
t46 r40 0
t46 r39 0
t46 r38 0
t46 r37 0
t46 r36 0
t46 r35 0
t46 r34 0
t46 r33 0
t46 r32 0
t46 r31 0
t46 r30 0
t46 r29 0
t46 r28 0
t46 r27 0
t46 r26 0
t46 r25 0
t46 r24 0
t46 r23 0
t46 r22 0
t46 r21 0
t46 r20 0
t46 r19 0
t46 r18 0
t46 r17 0
t46 r16 0
t46 r15 0
t46 r14 0
t46 r13 0
t46 r12 0
t46 r11 0
t46 r10 0
t46 r9 0
t46 r8 0
t46 r7 0
t46 r6 0
t46 r5 0
t46 r4 0
t46 r3 0
t46 r2 0
t46 r1 0
t45 r59 0
t45 r58 0
t45 r57 0
t45 r56 0
t45 r55 0
t45 r54 18
t45 r53 0
t45 r52 0
t45 r51 0
t45 r50 0
t45 r49 0
t45 r48 0
t45 r47 0
t45 r46 0
t45 r45 0
t45 r44 0
t45 r43 0
t45 r42 0
t45 r41 0
t45 r40 0
t45 r39 0
t45 r38 0
t45 r37 0
t45 r36 0
t45 r35 0
t45 r34 0
t45 r33 0
t45 r32 0
t45 r31 0
t45 r30 0
t45 r29 0
t45 r28 0
t45 r27 0
t45 r26 0
t45 r25 0
t45 r24 0
t45 r23 0
t45 r22 0
t45 r21 0
t45 r20 38
t45 r19 0
t45 r18 0
t45 r17 0
t45 r16 0
t45 r15 0
t45 r14 0
t45 r13 0
t45 r12 0
t45 r11 0
t45 r10 0
t45 r9 0
t45 r8 0
t45 r7 0
t45 r6 0
t45 r5 0
t45 r4 0
t45 r3 0
t45 r2 0
t45 r1 0
t44 r59 11
t44 r58 0
t44 r57 0
t44 r56 0
t44 r55 0
t44 r54 0
t44 r53 0
t44 r52 0
t44 r51 0
t44 r50 0
t44 r49 0
t44 r48 0
t44 r47 0
t44 r46 0
t44 r45 0
t44 r44 0
t44 r43 0
t44 r42 0
t44 r41 0
t44 r40 0
t44 r39 0
t44 r38 0
t44 r37 0
t44 r36 0
t44 r35 0
t44 r34 0
t44 r33 0
t44 r32 0
t44 r31 0
t44 r30 0
t44 r29 0
t44 r28 0
t44 r27 0
t44 r26 0
t44 r25 0
t44 r24 0
t44 r23 0
t44 r22 0
t44 r21 0
t44 r20 0
t44 r19 0
t44 r18 0
t44 r17 0
t44 r16 0
t44 r15 0
t44 r14 0
t44 r13 0
t44 r12 0
t44 r11 0
t44 r10 0
t44 r9 0
t44 r8 0
t44 r7 0
t44 r6 0
t44 r5 0
t44 r4 0
t44 r3 0
t44 r2 0
t44 r1 0
t43 r59 0
t43 r58 0
t43 r57 40
t43 r56 0
t43 r55 0
t43 r54 0
t43 r53 0
t43 r52 0
t43 r51 0
t43 r50 0
t43 r49 0
t43 r48 0
t43 r47 0
t43 r46 0
t43 r45 0
t43 r44 0
t43 r43 0
t43 r42 0
t43 r41 0
t43 r40 0
t43 r39 0
t43 r38 0
t43 r37 0
t43 r36 0
t43 r35 0
t43 r34 0
t43 r33 0
t43 r32 0
t43 r31 0
t43 r30 0
t43 r29 0
t43 r28 0
t43 r27 0
t43 r26 0
t43 r25 0
t43 r24 0
t43 r23 0
t43 r22 0
t43 r21 0
t43 r20 0
t43 r19 0
t43 r18 0
t43 r17 0
t43 r16 0
t43 r15 0
t43 r14 0
t43 r13 0
t43 r12 0
t43 r11 0
t43 r10 0
t43 r9 0
t43 r8 0
t43 r7 0
t43 r6 0
t43 r5 0
t43 r4 0
t43 r3 0
t43 r2 0
t43 r1 25
t42 r59 0
t42 r58 28
t42 r57 0
t42 r56 0
t42 r55 46
t42 r54 0
t42 r53 0
t42 r52 0
t42 r51 0
t42 r50 0
t42 r49 0
t42 r48 0
t42 r47 0
t42 r46 0
t42 r45 0
t42 r44 0
t42 r43 0
t42 r42 0
t42 r41 0
t42 r40 0
t42 r39 0
t42 r38 0
t42 r37 0
t42 r36 0
t42 r35 0
t42 r34 0
t42 r33 0
t42 r32 0
t42 r31 0
t42 r30 0
t42 r29 0
t42 r28 0
t42 r27 0
t42 r26 0
t42 r25 0
t42 r24 0
t42 r23 0
t42 r22 0
t42 r21 0
t42 r20 0
t42 r19 0
t42 r18 0
t42 r17 0
t42 r16 0
t42 r15 0
t42 r14 0
t42 r13 0
t42 r12 0
t42 r11 0
t42 r10 0
t42 r9 0
t42 r8 0
t42 r7 0
t42 r6 0
t42 r5 0
t42 r4 0
t42 r3 0
t42 r2 0
t42 r1 0
t41 r59 0
t41 r58 0
t41 r57 0
t41 r56 29
t41 r55 0
t41 r54 0
t41 r53 0
t41 r52 0
t41 r51 0
t41 r50 0
t41 r49 0
t41 r48 0
t41 r47 0
t41 r46 0
t41 r45 0
t41 r44 0
t41 r43 0
t41 r42 0
t41 r41 0
t41 r40 0
t41 r39 0
t41 r38 0
t41 r37 0
t41 r36 0
t41 r35 0
t41 r34 0
t41 r33 2
t41 r32 0
t41 r31 0
t41 r30 0
t41 r29 0
t41 r28 0
t41 r27 0
t41 r26 0
t41 r25 0
t41 r24 0
t41 r23 0
t41 r22 0
t41 r21 0
t41 r20 0
t41 r19 0
t41 r18 0
t41 r17 0
t41 r16 0
t41 r15 0
t41 r14 0
t41 r13 0
t41 r12 0
t41 r11 0
t41 r10 0
t41 r9 0
t41 r8 0
t41 r7 0
t41 r6 0
t41 r5 0
t41 r4 0
t41 r3 0
t41 r2 0
t41 r1 0
t40 r59 0
t40 r58 0
t40 r57 0
t40 r56 0
t40 r55 0
t40 r54 0
t40 r53 0
t40 r52 0
t40 r51 0
t40 r50 0
t40 r49 0
t40 r48 0
t40 r47 0
t40 r46 0
t40 r45 0
t40 r44 0
t40 r43 6
t40 r42 0
t40 r41 0
t40 r40 0
t40 r39 0
t40 r38 0
t40 r37 0
t40 r36 0
t40 r35 0
t40 r34 0
t40 r33 0
t40 r32 0
t40 r31 0
t40 r30 0
t40 r29 0
t40 r28 0
t40 r27 0
t40 r26 0
t40 r25 0
t40 r24 0
t40 r23 0
t40 r22 0
t40 r21 0
t40 r20 0
t40 r19 0
t40 r18 0
t40 r17 0
t40 r16 0
t40 r15 0
t40 r14 0
t40 r13 0
t40 r12 0
t40 r11 0
t40 r10 0
t40 r9 0
t40 r8 0
t40 r7 0
t40 r6 0
t40 r5 0
t40 r4 0
t40 r3 0
t40 r2 0
t40 r1 0
t39 r59 0
t39 r58 0
t39 r57 0
t39 r56 0
t39 r55 0
t39 r54 0
t39 r53 0
t39 r52 0
t39 r51 0
t39 r50 0
t39 r49 0
t39 r48 0
t39 r47 0
t39 r46 0
t39 r45 0
t39 r44 0
t39 r43 0
t39 r42 0
t39 r41 0
t39 r40 0
t39 r39 0
t39 r38 0
t39 r37 0
t39 r36 0
t39 r35 0
t39 r34 0
t39 r33 0
t39 r32 0
t39 r31 0
t39 r30 0
t39 r29 0
t39 r28 0
t39 r27 0
t39 r26 0
t39 r25 0
t39 r24 0
t39 r23 0
t39 r22 0
t39 r21 0
t39 r20 0
t39 r19 0
t39 r18 0
t39 r17 0
t39 r16 0
t39 r15 0
t39 r14 0
t39 r13 0
t39 r12 23
t39 r11 0
t39 r10 0
t39 r9 0
t39 r8 0
t39 r7 0
t39 r6 0
t39 r5 0
t39 r4 0
t39 r3 72
t39 r2 0
t39 r1 0
t38 r59 0
t38 r58 0
t38 r57 0
t38 r56 0
t38 r55 0
t38 r54 0
t38 r53 0
t38 r52 0
t38 r51 0
t38 r50 0
t38 r49 16
t38 r48 0
t38 r47 0
t38 r46 0
t38 r45 0
t38 r44 0
t38 r43 0
t38 r42 0
t38 r41 0
t38 r40 0
t38 r39 0
t38 r38 0
t38 r37 0
t38 r36 0
t38 r35 0
t38 r34 0
t38 r33 0
t38 r32 0
t38 r31 0
t38 r30 0
t38 r29 0
t38 r28 0
t38 r27 0
t38 r26 0
t38 r25 0
t38 r24 0
t38 r23 0
t38 r22 0
t38 r21 0
t38 r20 0
t38 r19 0
t38 r18 0
t38 r17 0
t38 r16 0
t38 r15 0
t38 r14 0
t38 r13 0
t38 r12 0
t38 r11 0
t38 r10 0
t38 r9 0
t38 r8 0
t38 r7 0
t38 r6 0
t38 r5 0
t38 r4 0
t38 r3 0
t38 r2 0
t38 r1 0
t37 r59 0
t37 r58 0
t37 r57 0
t37 r56 0
t37 r55 0
t37 r54 0
t37 r53 0
t37 r52 0
t37 r51 0
t37 r50 0
t37 r49 0
t37 r48 0
t37 r47 0
t37 r46 0
t37 r45 0
t37 r44 0
t37 r43 0
t37 r42 0
t37 r41 0
t37 r40 0
t37 r39 0
t37 r38 0
t37 r37 0
t37 r36 0
t37 r35 0
t37 r34 0
t37 r33 0
t37 r32 0
t37 r31 0
t37 r30 0
t37 r29 0
t37 r28 0
t37 r27 0
t37 r26 0
t37 r25 0
t37 r24 0
t37 r23 0
t37 r22 0
t37 r21 0
t37 r20 0
t37 r19 0
t37 r18 0
t37 r17 0
t37 r16 0
t37 r15 44
t37 r14 0
t37 r13 0
t37 r12 0
t37 r11 0
t37 r10 0
t37 r9 0
t37 r8 0
t37 r7 0
t37 r6 0
t37 r5 0
t37 r4 0
t37 r3 0
t37 r2 0
t37 r1 0
t36 r59 14
t36 r58 0
t36 r57 0
t36 r56 0
t36 r55 0
t36 r54 0
t36 r53 0
t36 r52 0
t36 r51 0
t36 r50 0
t36 r49 0
t36 r48 0
t36 r47 0
t36 r46 0
t36 r45 0
t36 r44 0
t36 r43 0
t36 r42 0
t36 r41 0
t36 r40 0
t36 r39 0
t36 r38 0
t36 r37 0
t36 r36 0
t36 r35 0
t36 r34 0
t36 r33 0
t36 r32 0
t36 r31 0
t36 r30 0
t36 r29 0
t36 r28 0
t36 r27 0
t36 r26 0
t36 r25 0
t36 r24 0
t36 r23 0
t36 r22 0
t36 r21 0
t36 r20 0
t36 r19 0
t36 r18 0
t36 r17 0
t36 r16 0
t36 r15 0
t36 r14 0
t36 r13 0
t36 r12 0
t36 r11 0
t36 r10 0
t36 r9 0
t36 r8 0
t36 r7 0
t36 r6 0
t36 r5 0
t36 r4 0
t36 r3 0
t36 r2 0
t36 r1 0
t35 r59 29
t35 r58 0
t35 r57 0
t35 r56 0
t35 r55 0
t35 r54 0
t35 r53 0
t35 r52 0
t35 r51 0
t35 r50 0
t35 r49 0
t35 r48 0
t35 r47 0
t35 r46 0
t35 r45 0
t35 r44 0
t35 r43 0
t35 r42 0
t35 r41 0
t35 r40 0
t35 r39 0
t35 r38 0
t35 r37 0
t35 r36 0
t35 r35 0
t35 r34 0
t35 r33 0
t35 r32 0
t35 r31 0
t35 r30 0
t35 r29 0
t35 r28 0
t35 r27 0
t35 r26 0
t35 r25 0
t35 r24 0
t35 r23 0
t35 r22 0
t35 r21 0
t35 r20 0
t35 r19 0
t35 r18 0
t35 r17 0
t35 r16 0
t35 r15 0
t35 r14 0
t35 r13 0
t35 r12 0
t35 r11 0
t35 r10 0
t35 r9 0
t35 r8 0
t35 r7 0
t35 r6 0
t35 r5 0
t35 r4 0
t35 r3 0
t35 r2 0
t35 r1 0
t34 r59 0
t34 r58 0
t34 r57 0
t34 r56 0
t34 r55 0
t34 r54 8
t34 r53 0
t34 r52 0
t34 r51 0
t34 r50 0
t34 r49 0
t34 r48 0
t34 r47 0
t34 r46 0
t34 r45 0
t34 r44 0
t34 r43 0
t34 r42 0
t34 r41 0
t34 r40 0
t34 r39 0
t34 r38 0
t34 r37 0
t34 r36 0
t34 r35 0
t34 r34 0
t34 r33 0
t34 r32 0
t34 r31 0
t34 r30 0
t34 r29 0
t34 r28 0
t34 r27 0
t34 r26 0
t34 r25 0
t34 r24 0
t34 r23 0
t34 r22 0
t34 r21 0
t34 r20 0
t34 r19 0
t34 r18 0
t34 r17 0
t34 r16 0
t34 r15 0
t34 r14 0
t34 r13 0
t34 r12 0
t34 r11 0
t34 r10 0
t34 r9 0
t34 r8 0
t34 r7 0
t34 r6 0
t34 r5 0
t34 r4 0
t34 r3 0
t34 r2 0
t34 r1 0
t33 r59 0
t33 r58 0
t33 r57 0
t33 r56 0
t33 r55 0
t33 r54 0
t33 r53 0
t33 r52 0
t33 r51 0
t33 r50 0
t33 r49 0
t33 r48 0
t33 r47 0
t33 r46 0
t33 r45 0
t33 r44 0
t33 r43 0
t33 r42 0
t33 r41 0
t33 r40 0
t33 r39 0
t33 r38 0
t33 r37 0
t33 r36 0
t33 r35 32
t33 r34 0
t33 r33 0
t33 r32 0
t33 r31 0
t33 r30 0
t33 r29 0
t33 r28 0
t33 r27 0
t33 r26 0
t33 r25 0
t33 r24 0
t33 r23 0
t33 r22 0
t33 r21 0
t33 r20 0
t33 r19 0
t33 r18 0
t33 r17 0
t33 r16 0
t33 r15 0
t33 r14 0
t33 r13 0
t33 r12 0
t33 r11 0
t33 r10 0
t33 r9 0
t33 r8 0
t33 r7 0
t33 r6 0
t33 r5 0
t33 r4 0
t33 r3 0
t33 r2 0
t33 r1 0
t32 r59 0
t32 r58 0
t32 r57 0
t32 r56 0
t32 r55 0
t32 r54 12
t32 r53 0
t32 r52 0
t32 r51 0
t32 r50 0
t32 r49 0
t32 r48 0
t32 r47 0
t32 r46 0
t32 r45 0
t32 r44 0
t32 r43 0
t32 r42 0
t32 r41 0
t32 r40 0
t32 r39 0
t32 r38 0
t32 r37 0
t32 r36 0
t32 r35 0
t32 r34 0
t32 r33 0
t32 r32 0
t32 r31 0
t32 r30 0
t32 r29 0
t32 r28 0
t32 r27 0
t32 r26 0
t32 r25 0
t32 r24 0
t32 r23 0
t32 r22 41
t32 r21 0
t32 r20 0
t32 r19 0
t32 r18 0
t32 r17 0
t32 r16 0
t32 r15 0
t32 r14 0
t32 r13 0
t32 r12 0
t32 r11 0
t32 r10 0
t32 r9 0
t32 r8 0
t32 r7 0
t32 r6 0
t32 r5 0
t32 r4 0
t32 r3 0
t32 r2 0
t32 r1 0
t31 r59 0
t31 r58 0
t31 r57 0
t31 r56 0
t31 r55 0
t31 r54 0
t31 r53 0
t31 r52 0
t31 r51 0
t31 r50 0
t31 r49 0
t31 r48 0
t31 r47 0
t31 r46 0
t31 r45 0
t31 r44 0
t31 r43 0
t31 r42 0
t31 r41 0
t31 r40 0
t31 r39 0
t31 r38 0
t31 r37 0
t31 r36 0
t31 r35 0
t31 r34 0
t31 r33 0
t31 r32 0
t31 r31 0
t31 r30 0
t31 r29 0
t31 r28 0
t31 r27 0
t31 r26 54
t31 r25 0
t31 r24 0
t31 r23 0
t31 r22 0
t31 r21 0
t31 r20 0
t31 r19 0
t31 r18 0
t31 r17 0
t31 r16 0
t31 r15 0
t31 r14 0
t31 r13 0
t31 r12 0
t31 r11 0
t31 r10 0
t31 r9 0
t31 r8 0
t31 r7 0
t31 r6 0
t31 r5 0
t31 r4 0
t31 r3 0
t31 r2 0
t31 r1 0
t30 r59 0
t30 r58 0
t30 r57 0
t30 r56 0
t30 r55 0
t30 r54 0
t30 r53 0
t30 r52 0
t30 r51 0
t30 r50 0
t30 r49 0
t30 r48 0
t30 r47 0
t30 r46 0
t30 r45 0
t30 r44 14
t30 r43 0
t30 r42 0
t30 r41 0
t30 r40 0
t30 r39 0
t30 r38 0
t30 r37 0
t30 r36 0
t30 r35 0
t30 r34 0
t30 r33 0
t30 r32 0
t30 r31 0
t30 r30 0
t30 r29 0
t30 r28 0
t30 r27 0
t30 r26 0
t30 r25 0
t30 r24 0
t30 r23 0
t30 r22 0
t30 r21 0
t30 r20 0
t30 r19 0
t30 r18 0
t30 r17 0
t30 r16 0
t30 r15 0
t30 r14 0
t30 r13 0
t30 r12 0
t30 r11 0
t30 r10 0
t30 r9 0
t30 r8 0
t30 r7 0
t30 r6 0
t30 r5 0
t30 r4 0
t30 r3 0
t30 r2 4
t30 r1 0
t29 r59 0
t29 r58 0
t29 r57 0
t29 r56 0
t29 r55 0
t29 r54 0
t29 r53 0
t29 r52 0
t29 r51 0
t29 r50 0
t29 r49 0
t29 r48 45
t29 r47 0
t29 r46 0
t29 r45 0
t29 r44 0
t29 r43 0
t29 r42 0
t29 r41 0
t29 r40 0
t29 r39 0
t29 r38 0
t29 r37 0
t29 r36 0
t29 r35 0
t29 r34 0
t29 r33 0
t29 r32 0
t29 r31 0
t29 r30 0
t29 r29 0
t29 r28 0
t29 r27 0
t29 r26 0
t29 r25 0
t29 r24 0
t29 r23 0
t29 r22 0
t29 r21 0
t29 r20 0
t29 r19 0
t29 r18 0
t29 r17 0
t29 r16 0
t29 r15 0
t29 r14 0
t29 r13 0
t29 r12 0
t29 r11 0
t29 r10 0
t29 r9 0
t29 r8 0
t29 r7 0
t29 r6 0
t29 r5 0
t29 r4 0
t29 r3 0
t29 r2 0
t29 r1 0
t28 r59 0
t28 r58 0
t28 r57 0
t28 r56 0
t28 r55 0
t28 r54 0
t28 r53 0
t28 r52 0
t28 r51 0
t28 r50 0
t28 r49 0
t28 r48 0
t28 r47 0
t28 r46 0
t28 r45 0
t28 r44 0
t28 r43 0
t28 r42 0
t28 r41 0
t28 r40 0
t28 r39 0
t28 r38 0
t28 r37 0
t28 r36 0
t28 r35 0
t28 r34 0
t28 r33 0
t28 r32 0
t28 r31 0
t28 r30 0
t28 r29 0
t28 r28 0
t28 r27 0
t28 r26 0
t28 r25 15
t28 r24 0
t28 r23 0
t28 r22 0
t28 r21 0
t28 r20 0
t28 r19 0
t28 r18 0
t28 r17 0
t28 r16 0
t28 r15 0
t28 r14 0
t28 r13 0
t28 r12 0
t28 r11 0
t28 r10 0
t28 r9 0
t28 r8 0
t28 r7 0
t28 r6 0
t28 r5 25
t28 r4 0
t28 r3 0
t28 r2 0
t28 r1 0
t27 r59 0
t27 r58 0
t27 r57 0
t27 r56 0
t27 r55 0
t27 r54 0
t27 r53 0
t27 r52 0
t27 r51 0
t27 r50 0
t27 r49 0
t27 r48 0
t27 r47 0
t27 r46 0
t27 r45 0
t27 r44 0
t27 r43 12
t27 r42 0
t27 r41 0
t27 r40 3
t27 r39 0
t27 r38 0
t27 r37 0
t27 r36 0
t27 r35 0
t27 r34 0
t27 r33 0
t27 r32 0
t27 r31 37
t27 r30 0
t27 r29 0
t27 r28 0
t27 r27 0
t27 r26 0
t27 r25 0
t27 r24 0
t27 r23 0
t27 r22 0
t27 r21 0
t27 r20 0
t27 r19 0
t27 r18 0
t27 r17 0
t27 r16 0
t27 r15 0
t27 r14 0
t27 r13 0
t27 r12 0
t27 r11 0
t27 r10 0
t27 r9 0
t27 r8 0
t27 r7 0
t27 r6 0
t27 r5 0
t27 r4 0
t27 r3 0
t27 r2 20
t27 r1 0
t26 r59 0
t26 r58 0
t26 r57 0
t26 r56 0
t26 r55 0
t26 r54 0
t26 r53 2
t26 r52 0
t26 r51 0
t26 r50 0
t26 r49 0
t26 r48 0
t26 r47 0
t26 r46 0
t26 r45 0
t26 r44 0
t26 r43 0
t26 r42 6
t26 r41 0
t26 r40 0
t26 r39 0
t26 r38 0
t26 r37 0
t26 r36 0
t26 r35 0
t26 r34 0
t26 r33 0
t26 r32 0
t26 r31 0
t26 r30 0
t26 r29 0
t26 r28 0
t26 r27 0
t26 r26 0
t26 r25 0
t26 r24 0
t26 r23 0
t26 r22 0
t26 r21 0
t26 r20 0
t26 r19 0
t26 r18 0
t26 r17 0
t26 r16 0
t26 r15 0
t26 r14 51
t26 r13 39
t26 r12 0
t26 r11 0
t26 r10 0
t26 r9 0
t26 r8 0
t26 r7 0
t26 r6 0
t26 r5 0
t26 r4 0
t26 r3 0
t26 r2 0
t26 r1 0
t25 r59 91
t25 r58 0
t25 r57 0
t25 r56 0
t25 r55 0
t25 r54 0
t25 r53 0
t25 r52 0
t25 r51 0
t25 r50 0
t25 r49 0
t25 r48 0
t25 r47 0
t25 r46 0
t25 r45 0
t25 r44 0
t25 r43 0
t25 r42 0
t25 r41 0
t25 r40 0
t25 r39 0
t25 r38 0
t25 r37 0
t25 r36 0
t25 r35 0
t25 r34 0
t25 r33 0
t25 r32 0
t25 r31 0
t25 r30 0
t25 r29 0
t25 r28 0
t25 r27 0
t25 r26 0
t25 r25 0
t25 r24 0
t25 r23 0
t25 r22 0
t25 r21 0
t25 r20 0
t25 r19 0
t25 r18 0
t25 r17 0
t25 r16 0
t25 r15 0
t25 r14 0
t25 r13 0
t25 r12 0
t25 r11 0
t25 r10 0
t25 r9 0
t25 r8 0
t25 r7 0
t25 r6 0
t25 r5 0
t25 r4 0
t25 r3 0
t25 r2 0
t25 r1 0
t24 r59 32
t24 r58 0
t24 r57 0
t24 r56 0
t24 r55 0
t24 r54 0
t24 r53 0
t24 r52 0
t24 r51 0
t24 r50 0
t24 r49 0
t24 r48 0
t24 r47 0
t24 r46 0
t24 r45 0
t24 r44 0
t24 r43 0
t24 r42 0
t24 r41 0
t24 r40 0
t24 r39 0
t24 r38 0
t24 r37 0
t24 r36 0
t24 r35 0
t24 r34 0
t24 r33 0
t24 r32 0
t24 r31 0
t24 r30 0
t24 r29 0
t24 r28 0
t24 r27 0
t24 r26 0
t24 r25 0
t24 r24 0
t24 r23 0
t24 r22 0
t24 r21 0
t24 r20 0
t24 r19 0
t24 r18 0
t24 r17 0
t24 r16 0
t24 r15 0
t24 r14 0
t24 r13 0
t24 r12 0
t24 r11 0
t24 r10 0
t24 r9 0
t24 r8 0
t24 r7 0
t24 r6 0
t24 r5 0
t24 r4 0
t24 r3 0
t24 r2 0
t24 r1 0
t23 r59 0
t23 r58 0
t23 r57 0
t23 r56 0
t23 r55 0
t23 r54 0
t23 r53 0
t23 r52 0
t23 r51 0
t23 r50 0
t23 r49 0
t23 r48 0
t23 r47 0
t23 r46 0
t23 r45 0
t23 r44 0
t23 r43 35
t23 r42 0
t23 r41 0
t23 r40 0
t23 r39 0
t23 r38 0
t23 r37 0
t23 r36 0
t23 r35 0
t23 r34 0
t23 r33 0
t23 r32 0
t23 r31 0
t23 r30 0
t23 r29 0
t23 r28 0
t23 r27 0
t23 r26 0
t23 r25 0
t23 r24 28
t23 r23 0
t23 r22 24
t23 r21 0
t23 r20 0
t23 r19 0
t23 r18 0
t23 r17 0
t23 r16 0
t23 r15 0
t23 r14 0
t23 r13 0
t23 r12 0
t23 r11 0
t23 r10 0
t23 r9 0
t23 r8 0
t23 r7 0
t23 r6 0
t23 r5 0
t23 r4 0
t23 r3 0
t23 r2 0
t23 r1 0
t22 r59 0
t22 r58 0
t22 r57 0
t22 r56 0
t22 r55 0
t22 r54 0
t22 r53 0
t22 r52 0
t22 r51 0
t22 r50 0
t22 r49 0
t22 r48 0
t22 r47 0
t22 r46 0
t22 r45 0
t22 r44 0
t22 r43 0
t22 r42 0
t22 r41 0
t22 r40 0
t22 r39 0
t22 r38 0
t22 r37 0
t22 r36 0
t22 r35 0
t22 r34 0
t22 r33 0
t22 r32 0
t22 r31 0
t22 r30 0
t22 r29 3
t22 r28 0
t22 r27 0
t22 r26 0
t22 r25 0
t22 r24 0
t22 r23 0
t22 r22 0
t22 r21 0
t22 r20 0
t22 r19 0
t22 r18 0
t22 r17 0
t22 r16 0
t22 r15 0
t22 r14 0
t22 r13 0
t22 r12 0
t22 r11 0
t22 r10 0
t22 r9 0
t22 r8 0
t22 r7 0
t22 r6 0
t22 r5 0
t22 r4 0
t22 r3 0
t22 r2 0
t22 r1 0
t21 r59 0
t21 r58 0
t21 r57 0
t21 r56 0
t21 r55 0
t21 r54 0
t21 r53 0
t21 r52 0
t21 r51 0
t21 r50 0
t21 r49 0
t21 r48 0
t21 r47 0
t21 r46 0
t21 r45 0
t21 r44 0
t21 r43 0
t21 r42 46
t21 r41 0
t21 r40 0
t21 r39 0
t21 r38 0
t21 r37 0
t21 r36 0
t21 r35 0
t21 r34 0
t21 r33 0
t21 r32 0
t21 r31 0
t21 r30 0
t21 r29 0
t21 r28 0
t21 r27 0
t21 r26 0
t21 r25 0
t21 r24 0
t21 r23 0
t21 r22 0
t21 r21 0
t21 r20 0
t21 r19 0
t21 r18 0
t21 r17 0
t21 r16 0
t21 r15 0
t21 r14 0
t21 r13 0
t21 r12 0
t21 r11 0
t21 r10 0
t21 r9 0
t21 r8 0
t21 r7 0
t21 r6 0
t21 r5 0
t21 r4 10
t21 r3 0
t21 r2 0
t21 r1 0
t20 r59 30
t20 r58 0
t20 r57 0
t20 r56 0
t20 r55 0
t20 r54 0
t20 r53 0
t20 r52 0
t20 r51 0
t20 r50 0
t20 r49 0
t20 r48 0
t20 r47 0
t20 r46 0
t20 r45 0
t20 r44 0
t20 r43 0
t20 r42 0
t20 r41 0
t20 r40 0
t20 r39 0
t20 r38 0
t20 r37 0
t20 r36 0
t20 r35 0
t20 r34 0
t20 r33 0
t20 r32 0
t20 r31 0
t20 r30 0
t20 r29 0
t20 r28 0
t20 r27 0
t20 r26 0
t20 r25 0
t20 r24 0
t20 r23 0
t20 r22 0
t20 r21 0
t20 r20 0
t20 r19 0
t20 r18 0
t20 r17 0
t20 r16 0
t20 r15 0
t20 r14 0
t20 r13 0
t20 r12 0
t20 r11 0
t20 r10 0
t20 r9 0
t20 r8 0
t20 r7 0
t20 r6 0
t20 r5 0
t20 r4 0
t20 r3 0
t20 r2 0
t20 r1 0
t19 r59 39
t19 r58 0
t19 r57 0
t19 r56 0
t19 r55 0
t19 r54 0
t19 r53 0
t19 r52 0
t19 r51 0
t19 r50 0
t19 r49 0
t19 r48 0
t19 r47 0
t19 r46 0
t19 r45 0
t19 r44 0
t19 r43 0
t19 r42 0
t19 r41 0
t19 r40 0
t19 r39 0
t19 r38 0
t19 r37 0
t19 r36 0
t19 r35 0
t19 r34 0
t19 r33 0
t19 r32 0
t19 r31 0
t19 r30 0
t19 r29 0
t19 r28 0
t19 r27 0
t19 r26 0
t19 r25 0
t19 r24 0
t19 r23 0
t19 r22 0
t19 r21 0
t19 r20 0
t19 r19 0
t19 r18 0
t19 r17 0
t19 r16 0
t19 r15 0
t19 r14 0
t19 r13 0
t19 r12 0
t19 r11 0
t19 r10 0
t19 r9 0
t19 r8 0
t19 r7 0
t19 r6 0
t19 r5 0
t19 r4 0
t19 r3 0
t19 r2 0
t19 r1 0
t18 r59 0
t18 r58 0
t18 r57 0
t18 r56 0
t18 r55 0
t18 r54 0
t18 r53 0
t18 r52 0
t18 r51 0
t18 r50 0
t18 r49 0
t18 r48 0
t18 r47 0
t18 r46 0
t18 r45 0
t18 r44 0
t18 r43 0
t18 r42 0
t18 r41 0
t18 r40 0
t18 r39 0
t18 r38 0
t18 r37 0
t18 r36 0
t18 r35 0
t18 r34 0
t18 r33 1
t18 r32 0
t18 r31 0
t18 r30 0
t18 r29 0
t18 r28 0
t18 r27 0
t18 r26 27
t18 r25 0
t18 r24 0
t18 r23 0
t18 r22 0
t18 r21 0
t18 r20 0
t18 r19 0
t18 r18 0
t18 r17 0
t18 r16 0
t18 r15 0
t18 r14 0
t18 r13 0
t18 r12 0
t18 r11 0
t18 r10 0
t18 r9 0
t18 r8 0
t18 r7 0
t18 r6 0
t18 r5 0
t18 r4 0
t18 r3 0
t18 r2 0
t18 r1 0
t17 r59 2
t17 r58 0
t17 r57 0
t17 r56 0
t17 r55 0
t17 r54 0
t17 r53 0
t17 r52 0
t17 r51 0
t17 r50 0
t17 r49 0
t17 r48 0
t17 r47 0
t17 r46 0
t17 r45 0
t17 r44 0
t17 r43 0
t17 r42 0
t17 r41 0
t17 r40 0
t17 r39 0
t17 r38 0
t17 r37 0
t17 r36 8
t17 r35 0
t17 r34 0
t17 r33 0
t17 r32 0
t17 r31 0
t17 r30 0
t17 r29 0
t17 r28 0
t17 r27 0
t17 r26 0
t17 r25 0
t17 r24 0
t17 r23 0
t17 r22 0
t17 r21 0
t17 r20 0
t17 r19 0
t17 r18 0
t17 r17 0
t17 r16 0
t17 r15 0
t17 r14 0
t17 r13 0
t17 r12 0
t17 r11 0
t17 r10 0
t17 r9 0
t17 r8 0
t17 r7 0
t17 r6 0
t17 r5 0
t17 r4 0
t17 r3 0
t17 r2 0
t17 r1 0
t16 r59 0
t16 r58 0
t16 r57 0
t16 r56 0
t16 r55 0
t16 r54 0
t16 r53 0
t16 r52 0
t16 r51 0
t16 r50 0
t16 r49 0
t16 r48 30
t16 r47 0
t16 r46 0
t16 r45 0
t16 r44 0
t16 r43 0
t16 r42 0
t16 r41 0
t16 r40 0
t16 r39 0
t16 r38 8
t16 r37 0
t16 r36 0
t16 r35 0
t16 r34 0
t16 r33 0
t16 r32 13
t16 r31 0
t16 r30 0
t16 r29 15
t16 r28 0
t16 r27 0
t16 r26 0
t16 r25 0
t16 r24 0
t16 r23 0
t16 r22 0
t16 r21 0
t16 r20 0
t16 r19 0
t16 r18 0
t16 r17 0
t16 r16 0
t16 r15 0
t16 r14 0
t16 r13 0
t16 r12 0
t16 r11 0
t16 r10 0
t16 r9 0
t16 r8 0
t16 r7 0
t16 r6 0
t16 r5 0
t16 r4 0
t16 r3 0
t16 r2 5
t16 r1 0
t15 r59 53
t15 r58 0
t15 r57 0
t15 r56 0
t15 r55 0
t15 r54 0
t15 r53 0
t15 r52 0
t15 r51 0
t15 r50 0
t15 r49 0
t15 r48 0
t15 r47 0
t15 r46 0
t15 r45 0
t15 r44 0
t15 r43 0
t15 r42 0
t15 r41 0
t15 r40 0
t15 r39 0
t15 r38 0
t15 r37 0
t15 r36 0
t15 r35 0
t15 r34 0
t15 r33 0
t15 r32 0
t15 r31 0
t15 r30 0
t15 r29 0
t15 r28 0
t15 r27 0
t15 r26 0
t15 r25 0
t15 r24 0
t15 r23 0
t15 r22 0
t15 r21 0
t15 r20 0
t15 r19 0
t15 r18 0
t15 r17 0
t15 r16 0
t15 r15 0
t15 r14 0
t15 r13 0
t15 r12 0
t15 r11 0
t15 r10 0
t15 r9 0
t15 r8 0
t15 r7 0
t15 r6 0
t15 r5 0
t15 r4 0
t15 r3 0
t15 r2 0
t15 r1 0
t14 r59 11
t14 r58 0
t14 r57 0
t14 r56 0
t14 r55 0
t14 r54 0
t14 r53 0
t14 r52 0
t14 r51 0
t14 r50 0
t14 r49 0
t14 r48 0
t14 r47 0
t14 r46 0
t14 r45 0
t14 r44 0
t14 r43 0
t14 r42 0
t14 r41 0
t14 r40 0
t14 r39 0
t14 r38 0
t14 r37 0
t14 r36 0
t14 r35 0
t14 r34 0
t14 r33 0
t14 r32 0
t14 r31 0
t14 r30 0
t14 r29 0
t14 r28 52
t14 r27 0
t14 r26 0
t14 r25 0
t14 r24 0
t14 r23 0
t14 r22 0
t14 r21 0
t14 r20 0
t14 r19 20
t14 r18 0
t14 r17 0
t14 r16 0
t14 r15 0
t14 r14 0
t14 r13 0
t14 r12 0
t14 r11 0
t14 r10 0
t14 r9 0
t14 r8 0
t14 r7 0
t14 r6 0
t14 r5 0
t14 r4 0
t14 r3 0
t14 r2 0
t14 r1 0
t13 r59 81
t13 r58 0
t13 r57 0
t13 r56 0
t13 r55 0
t13 r54 0
t13 r53 0
t13 r52 0
t13 r51 0
t13 r50 0
t13 r49 0
t13 r48 0
t13 r47 0
t13 r46 0
t13 r45 0
t13 r44 0
t13 r43 0
t13 r42 0
t13 r41 0
t13 r40 0
t13 r39 0
t13 r38 0
t13 r37 0
t13 r36 0
t13 r35 0
t13 r34 0
t13 r33 0
t13 r32 0
t13 r31 0
t13 r30 0
t13 r29 0
t13 r28 0
t13 r27 0
t13 r26 0
t13 r25 0
t13 r24 0
t13 r23 0
t13 r22 0
t13 r21 0
t13 r20 0
t13 r19 0
t13 r18 0
t13 r17 0
t13 r16 0
t13 r15 0
t13 r14 0
t13 r13 0
t13 r12 0
t13 r11 0
t13 r10 0
t13 r9 0
t13 r8 0
t13 r7 0
t13 r6 0
t13 r5 0
t13 r4 0
t13 r3 0
t13 r2 0
t13 r1 0
t12 r59 0
t12 r58 0
t12 r57 0
t12 r56 0
t12 r55 0
t12 r54 0
t12 r53 0
t12 r52 0
t12 r51 0
t12 r50 0
t12 r49 0
t12 r48 0
t12 r47 0
t12 r46 0
t12 r45 0
t12 r44 0
t12 r43 0
t12 r42 0
t12 r41 8
t12 r40 0
t12 r39 0
t12 r38 0
t12 r37 0
t12 r36 0
t12 r35 0
t12 r34 0
t12 r33 0
t12 r32 0
t12 r31 0
t12 r30 0
t12 r29 0
t12 r28 0
t12 r27 0
t12 r26 0
t12 r25 0
t12 r24 0
t12 r23 0
t12 r22 0
t12 r21 0
t12 r20 0
t12 r19 0
t12 r18 0
t12 r17 0
t12 r16 0
t12 r15 0
t12 r14 0
t12 r13 0
t12 r12 0
t12 r11 0
t12 r10 0
t12 r9 0
t12 r8 0
t12 r7 0
t12 r6 0
t12 r5 0
t12 r4 0
t12 r3 0
t12 r2 0
t12 r1 0
t11 r59 0
t11 r58 0
t11 r57 0
t11 r56 0
t11 r55 0
t11 r54 28
t11 r53 0
t11 r52 0
t11 r51 0
t11 r50 0
t11 r49 0
t11 r48 0
t11 r47 0
t11 r46 0
t11 r45 0
t11 r44 0
t11 r43 0
t11 r42 0
t11 r41 0
t11 r40 0
t11 r39 0
t11 r38 0
t11 r37 0
t11 r36 0
t11 r35 0
t11 r34 0
t11 r33 0
t11 r32 0
t11 r31 0
t11 r30 0
t11 r29 0
t11 r28 0
t11 r27 0
t11 r26 0
t11 r25 0
t11 r24 0
t11 r23 0
t11 r22 0
t11 r21 0
t11 r20 0
t11 r19 0
t11 r18 0
t11 r17 0
t11 r16 0
t11 r15 0
t11 r14 0
t11 r13 0
t11 r12 0
t11 r11 0
t11 r10 0
t11 r9 0
t11 r8 0
t11 r7 0
t11 r6 0
t11 r5 0
t11 r4 0
t11 r3 0
t11 r2 0
t11 r1 0
t10 r59 0
t10 r58 0
t10 r57 0
t10 r56 0
t10 r55 0
t10 r54 0
t10 r53 0
t10 r52 0
t10 r51 0
t10 r50 0
t10 r49 11
t10 r48 0
t10 r47 0
t10 r46 0
t10 r45 0
t10 r44 0
t10 r43 0
t10 r42 0
t10 r41 0
t10 r40 0
t10 r39 0
t10 r38 0
t10 r37 0
t10 r36 0
t10 r35 0
t10 r34 0
t10 r33 0
t10 r32 0
t10 r31 0
t10 r30 0
t10 r29 0
t10 r28 0
t10 r27 0
t10 r26 0
t10 r25 0
t10 r24 0
t10 r23 0
t10 r22 0
t10 r21 0
t10 r20 0
t10 r19 0
t10 r18 0
t10 r17 0
t10 r16 0
t10 r15 0
t10 r14 0
t10 r13 0
t10 r12 0
t10 r11 0
t10 r10 0
t10 r9 0
t10 r8 0
t10 r7 0
t10 r6 0
t10 r5 0
t10 r4 53
t10 r3 0
t10 r2 0
t10 r1 0
t9 r59 63
t9 r58 0
t9 r57 0
t9 r56 0
t9 r55 0
t9 r54 0
t9 r53 0
t9 r52 0
t9 r51 0
t9 r50 0
t9 r49 0
t9 r48 0
t9 r47 0
t9 r46 0
t9 r45 0
t9 r44 0
t9 r43 0
t9 r42 0
t9 r41 0
t9 r40 0
t9 r39 0
t9 r38 0
t9 r37 0
t9 r36 0
t9 r35 0
t9 r34 0
t9 r33 0
t9 r32 0
t9 r31 0
t9 r30 0
t9 r29 0
t9 r28 0
t9 r27 0
t9 r26 0
t9 r25 0
t9 r24 0
t9 r23 0
t9 r22 0
t9 r21 0
t9 r20 0
t9 r19 0
t9 r18 0
t9 r17 0
t9 r16 0
t9 r15 0
t9 r14 0
t9 r13 0
t9 r12 0
t9 r11 0
t9 r10 0
t9 r9 0
t9 r8 0
t9 r7 0
t9 r6 0
t9 r5 0
t9 r4 0
t9 r3 0
t9 r2 0
t9 r1 0
t8 r59 82
t8 r58 0
t8 r57 0
t8 r56 0
t8 r55 0
t8 r54 0
t8 r53 0
t8 r52 0
t8 r51 0
t8 r50 0
t8 r49 0
t8 r48 0
t8 r47 0
t8 r46 0
t8 r45 0
t8 r44 0
t8 r43 0
t8 r42 0
t8 r41 0
t8 r40 0
t8 r39 0
t8 r38 0
t8 r37 0
t8 r36 0
t8 r35 0
t8 r34 0
t8 r33 0
t8 r32 0
t8 r31 0
t8 r30 0
t8 r29 0
t8 r28 0
t8 r27 0
t8 r26 0
t8 r25 0
t8 r24 0
t8 r23 0
t8 r22 0
t8 r21 0
t8 r20 0
t8 r19 0
t8 r18 0
t8 r17 0
t8 r16 0
t8 r15 0
t8 r14 0
t8 r13 0
t8 r12 0
t8 r11 0
t8 r10 0
t8 r9 0
t8 r8 0
t8 r7 0
t8 r6 0
t8 r5 0
t8 r4 0
t8 r3 0
t8 r2 0
t8 r1 0
t7 r59 0
t7 r58 0
t7 r57 0
t7 r56 0
t7 r55 0
t7 r54 0
t7 r53 0
t7 r52 0
t7 r51 0
t7 r50 0
t7 r49 0
t7 r48 0
t7 r47 0
t7 r46 0
t7 r45 0
t7 r44 0
t7 r43 0
t7 r42 0
t7 r41 0
t7 r40 0
t7 r39 0
t7 r38 0
t7 r37 0
t7 r36 0
t7 r35 0
t7 r34 0
t7 r33 0
t7 r32 0
t7 r31 0
t7 r30 0
t7 r29 0
t7 r28 0
t7 r27 43
t7 r26 0
t7 r25 27
t7 r24 0
t7 r23 0
t7 r22 18
t7 r21 0
t7 r20 0
t7 r19 0
t7 r18 0
t7 r17 0
t7 r16 0
t7 r15 0
t7 r14 0
t7 r13 0
t7 r12 0
t7 r11 0
t7 r10 0
t7 r9 0
t7 r8 0
t7 r7 0
t7 r6 0
t7 r5 0
t7 r4 0
t7 r3 0
t7 r2 0
t7 r1 0
t6 r59 59
t6 r58 0
t6 r57 0
t6 r56 0
t6 r55 0
t6 r54 0
t6 r53 0
t6 r52 0
t6 r51 0
t6 r50 0
t6 r49 0
t6 r48 0
t6 r47 0
t6 r46 0
t6 r45 0
t6 r44 0
t6 r43 0
t6 r42 0
t6 r41 0
t6 r40 0
t6 r39 0
t6 r38 0
t6 r37 0
t6 r36 0
t6 r35 0
t6 r34 0
t6 r33 0
t6 r32 0
t6 r31 0
t6 r30 0
t6 r29 0
t6 r28 0
t6 r27 0
t6 r26 0
t6 r25 0
t6 r24 0
t6 r23 0
t6 r22 0
t6 r21 0
t6 r20 0
t6 r19 0
t6 r18 0
t6 r17 0
t6 r16 0
t6 r15 0
t6 r14 26
t6 r13 0
t6 r12 0
t6 r11 0
t6 r10 0
t6 r9 0
t6 r8 0
t6 r7 0
t6 r6 0
t6 r5 0
t6 r4 0
t6 r3 0
t6 r2 0
t6 r1 0
t5 r59 34
t5 r58 0
t5 r57 0
t5 r56 0
t5 r55 0
t5 r54 0
t5 r53 0
t5 r52 0
t5 r51 0
t5 r50 0
t5 r49 0
t5 r48 0
t5 r47 0
t5 r46 0
t5 r45 0
t5 r44 0
t5 r43 0
t5 r42 0
t5 r41 0
t5 r40 0
t5 r39 0
t5 r38 0
t5 r37 0
t5 r36 0
t5 r35 0
t5 r34 0
t5 r33 0
t5 r32 0
t5 r31 0
t5 r30 0
t5 r29 0
t5 r28 0
t5 r27 0
t5 r26 0
t5 r25 0
t5 r24 0
t5 r23 0
t5 r22 0
t5 r21 0
t5 r20 0
t5 r19 0
t5 r18 0
t5 r17 0
t5 r16 0
t5 r15 0
t5 r14 0
t5 r13 0
t5 r12 0
t5 r11 0
t5 r10 0
t5 r9 0
t5 r8 0
t5 r7 48
t5 r6 0
t5 r5 0
t5 r4 0
t5 r3 0
t5 r2 0
t5 r1 0
t4 r59 0
t4 r58 0
t4 r57 0
t4 r56 0
t4 r55 0
t4 r54 0
t4 r53 0
t4 r52 0
t4 r51 0
t4 r50 0
t4 r49 0
t4 r48 0
t4 r47 0
t4 r46 0
t4 r45 0
t4 r44 0
t4 r43 0
t4 r42 0
t4 r41 0
t4 r40 0
t4 r39 0
t4 r38 0
t4 r37 0
t4 r36 0
t4 r35 0
t4 r34 0
t4 r33 0
t4 r32 0
t4 r31 0
t4 r30 0
t4 r29 0
t4 r28 0
t4 r27 0
t4 r26 0
t4 r25 0
t4 r24 0
t4 r23 0
t4 r22 0
t4 r21 0
t4 r20 0
t4 r19 0
t4 r18 0
t4 r17 0
t4 r16 0
t4 r15 0
t4 r14 0
t4 r13 25
t4 r12 0
t4 r11 0
t4 r10 0
t4 r9 0
t4 r8 0
t4 r7 0
t4 r6 0
t4 r5 0
t4 r4 0
t4 r3 0
t4 r2 0
t4 r1 0
t3 r59 37
t3 r58 0
t3 r57 0
t3 r56 0
t3 r55 0
t3 r54 0
t3 r53 0
t3 r52 0
t3 r51 0
t3 r50 0
t3 r49 0
t3 r48 0
t3 r47 0
t3 r46 0
t3 r45 0
t3 r44 0
t3 r43 0
t3 r42 0
t3 r41 0
t3 r40 0
t3 r39 0
t3 r38 0
t3 r37 0
t3 r36 0
t3 r35 0
t3 r34 0
t3 r33 0
t3 r32 0
t3 r31 0
t3 r30 0
t3 r29 0
t3 r28 0
t3 r27 0
t3 r26 0
t3 r25 0
t3 r24 0
t3 r23 0
t3 r22 0
t3 r21 0
t3 r20 0
t3 r19 0
t3 r18 0
t3 r17 0
t3 r16 0
t3 r15 18
t3 r14 0
t3 r13 0
t3 r12 0
t3 r11 0
t3 r10 0
t3 r9 0
t3 r8 0
t3 r7 0
t3 r6 0
t3 r5 0
t3 r4 0
t3 r3 0
t3 r2 0
t3 r1 0
t2 r59 63
t2 r58 0
t2 r57 0
t2 r56 0
t2 r55 0
t2 r54 0
t2 r53 0
t2 r52 0
t2 r51 0
t2 r50 0
t2 r49 0
t2 r48 0
t2 r47 0
t2 r46 0
t2 r45 0
t2 r44 0
t2 r43 0
t2 r42 0
t2 r41 0
t2 r40 0
t2 r39 0
t2 r38 0
t2 r37 0
t2 r36 0
t2 r35 0
t2 r34 0
t2 r33 0
t2 r32 0
t2 r31 0
t2 r30 0
t2 r29 0
t2 r28 0
t2 r27 0
t2 r26 0
t2 r25 0
t2 r24 0
t2 r23 0
t2 r22 0
t2 r21 0
t2 r20 0
t2 r19 0
t2 r18 0
t2 r17 0
t2 r16 0
t2 r15 0
t2 r14 0
t2 r13 0
t2 r12 0
t2 r11 0
t2 r10 0
t2 r9 0
t2 r8 0
t2 r7 0
t2 r6 0
t2 r5 0
t2 r4 0
t2 r3 0
t2 r2 0
t2 r1 0
t1 r59 0
t1 r58 0
t1 r57 17
t1 r56 0
t1 r55 40
t1 r54 0
t1 r53 0
t1 r52 0
t1 r51 0
t1 r50 0
t1 r49 0
t1 r48 0
t1 r47 0
t1 r46 0
t1 r45 0
t1 r44 0
t1 r43 0
t1 r42 0
t1 r41 0
t1 r40 0
t1 r39 0
t1 r38 0
t1 r37 0
t1 r36 0
t1 r35 0
t1 r34 0
t1 r33 0
t1 r32 0
t1 r31 0
t1 r30 0
t1 r29 0
t1 r28 0
t1 r27 0
t1 r26 0
t1 r25 0
t1 r24 0
t1 r23 0
t1 r22 0
t1 r21 0
t1 r20 0
t1 r19 0
t1 r18 0
t1 r17 0
t1 r16 0
t1 r15 0
t1 r14 0
t1 r13 0
t1 r12 0
t1 r11 0
t1 r10 0
t1 r9 0
t1 r8 0
t1 r7 0
t1 r6 0
t1 r5 0
t1 r4 0
t1 r3 0
t1 r2 0
t1 r1 0
